{"/home/anantoliy/AndroidStudioProjects/Front_pochini_backup/src/components/MainApp.tsx": {"path":"/home/anantoliy/AndroidStudioProjects/Front_pochini_backup/src/components/MainApp.tsx","statementMap":{"0":{"start":{"line":10,"column":23},"end":{"line":28,"column":2}},"1":{"start":{"line":11,"column":2},"end":{"line":14,"column":9}},"2":{"start":{"line":13,"column":4},"end":{"line":13,"column":22}},"3":{"start":{"line":17,"column":2},"end":{"line":19,"column":3}},"4":{"start":{"line":18,"column":4},"end":{"line":18,"column":31}},"5":{"start":{"line":22,"column":2},"end":{"line":24,"column":3}},"6":{"start":{"line":23,"column":4},"end":{"line":23,"column":38}},"7":{"start":{"line":27,"column":2},"end":{"line":27,"column":25}}},"fnMap":{"0":{"name":"(anonymous_0)","decl":{"start":{"line":10,"column":32},"end":{"line":10,"column":33}},"loc":{"start":{"line":10,"column":38},"end":{"line":28,"column":1}},"line":10},"1":{"name":"(anonymous_1)","decl":{"start":{"line":11,"column":12},"end":{"line":11,"column":13}},"loc":{"start":{"line":11,"column":18},"end":{"line":14,"column":3}},"line":11}},"branchMap":{"0":{"loc":{"start":{"line":17,"column":2},"end":{"line":19,"column":3}},"type":"if","locations":[{"start":{"line":17,"column":2},"end":{"line":19,"column":3}},{"start":{},"end":{}}],"line":17},"1":{"loc":{"start":{"line":17,"column":6},"end":{"line":17,"column":44}},"type":"binary-expr","locations":[{"start":{"line":17,"column":6},"end":{"line":17,"column":26}},{"start":{"line":17,"column":30},"end":{"line":17,"column":44}}],"line":17},"2":{"loc":{"start":{"line":22,"column":2},"end":{"line":24,"column":3}},"type":"if","locations":[{"start":{"line":22,"column":2},"end":{"line":24,"column":3}},{"start":{},"end":{}}],"line":22},"3":{"loc":{"start":{"line":22,"column":6},"end":{"line":22,"column":64}},"type":"binary-expr","locations":[{"start":{"line":22,"column":6},"end":{"line":22,"column":43}},{"start":{"line":22,"column":47},"end":{"line":22,"column":64}}],"line":22}},"s":{"0":0,"1":0,"2":0,"3":0,"4":0,"5":0,"6":0,"7":0},"f":{"0":0,"1":0},"b":{"0":[0,0],"1":[0,0],"2":[0,0],"3":[0,0]}}
,"/home/anantoliy/AndroidStudioProjects/Front_pochini_backup/src/controller/AuthController.ts": {"path":"/home/anantoliy/AndroidStudioProjects/Front_pochini_backup/src/controller/AuthController.ts","statementMap":{"0":{"start":{"line":4,"column":16},"end":{"line":4,"column":66}},"1":{"start":{"line":7,"column":12},"end":{"line":13,"column":2}},"2":{"start":{"line":16,"column":36},"end":{"line":44,"column":1}},"3":{"start":{"line":21,"column":2},"end":{"line":43,"column":3}},"4":{"start":{"line":22,"column":4},"end":{"line":22,"column":31}},"5":{"start":{"line":23,"column":4},"end":{"line":23,"column":27}},"6":{"start":{"line":25,"column":21},"end":{"line":29,"column":6}},"7":{"start":{"line":31,"column":4},"end":{"line":31,"column":32}},"8":{"start":{"line":33,"column":4},"end":{"line":37,"column":5}},"9":{"start":{"line":34,"column":6},"end":{"line":34,"column":31}},"10":{"start":{"line":36,"column":6},"end":{"line":36,"column":79}},"11":{"start":{"line":39,"column":4},"end":{"line":39,"column":32}},"12":{"start":{"line":40,"column":25},"end":{"line":40,"column":88}},"13":{"start":{"line":41,"column":4},"end":{"line":41,"column":37}},"14":{"start":{"line":42,"column":4},"end":{"line":42,"column":51}},"15":{"start":{"line":47,"column":26},"end":{"line":75,"column":1}},"16":{"start":{"line":51,"column":2},"end":{"line":74,"column":3}},"17":{"start":{"line":52,"column":4},"end":{"line":52,"column":31}},"18":{"start":{"line":53,"column":4},"end":{"line":53,"column":27}},"19":{"start":{"line":55,"column":21},"end":{"line":58,"column":6}},"20":{"start":{"line":60,"column":4},"end":{"line":60,"column":32}},"21":{"start":{"line":62,"column":4},"end":{"line":68,"column":5}},"22":{"start":{"line":63,"column":6},"end":{"line":63,"column":44}},"23":{"start":{"line":64,"column":6},"end":{"line":64,"column":59}},"24":{"start":{"line":66,"column":6},"end":{"line":66,"column":46}},"25":{"start":{"line":67,"column":6},"end":{"line":67,"column":60}},"26":{"start":{"line":70,"column":4},"end":{"line":70,"column":32}},"27":{"start":{"line":71,"column":25},"end":{"line":71,"column":88}},"28":{"start":{"line":72,"column":4},"end":{"line":72,"column":37}},"29":{"start":{"line":73,"column":4},"end":{"line":73,"column":51}},"30":{"start":{"line":78,"column":22},"end":{"line":90,"column":1}},"31":{"start":{"line":79,"column":2},"end":{"line":89,"column":3}},"32":{"start":{"line":80,"column":4},"end":{"line":80,"column":35}},"33":{"start":{"line":81,"column":4},"end":{"line":81,"column":26}},"34":{"start":{"line":82,"column":4},"end":{"line":82,"column":27}},"35":{"start":{"line":83,"column":4},"end":{"line":83,"column":29}},"36":{"start":{"line":86,"column":4},"end":{"line":86,"column":26}},"37":{"start":{"line":87,"column":4},"end":{"line":87,"column":27}},"38":{"start":{"line":88,"column":4},"end":{"line":88,"column":29}}},"fnMap":{"0":{"name":"(anonymous_0)","decl":{"start":{"line":16,"column":36},"end":{"line":16,"column":37}},"loc":{"start":{"line":20,"column":52},"end":{"line":44,"column":1}},"line":20},"1":{"name":"(anonymous_1)","decl":{"start":{"line":47,"column":26},"end":{"line":47,"column":27}},"loc":{"start":{"line":50,"column":68},"end":{"line":75,"column":1}},"line":50},"2":{"name":"(anonymous_2)","decl":{"start":{"line":78,"column":22},"end":{"line":78,"column":23}},"loc":{"start":{"line":78,"column":65},"end":{"line":90,"column":1}},"line":78}},"branchMap":{"0":{"loc":{"start":{"line":4,"column":16},"end":{"line":4,"column":66}},"type":"binary-expr","locations":[{"start":{"line":4,"column":16},"end":{"line":4,"column":35}},{"start":{"line":4,"column":39},"end":{"line":4,"column":66}}],"line":4},"1":{"loc":{"start":{"line":33,"column":4},"end":{"line":37,"column":5}},"type":"if","locations":[{"start":{"line":33,"column":4},"end":{"line":37,"column":5}},{"start":{"line":35,"column":11},"end":{"line":37,"column":5}}],"line":33},"2":{"loc":{"start":{"line":36,"column":38},"end":{"line":36,"column":76}},"type":"binary-expr","locations":[{"start":{"line":36,"column":38},"end":{"line":36,"column":57}},{"start":{"line":36,"column":61},"end":{"line":36,"column":76}}],"line":36},"3":{"loc":{"start":{"line":40,"column":25},"end":{"line":40,"column":88}},"type":"binary-expr","locations":[{"start":{"line":40,"column":25},"end":{"line":40,"column":52}},{"start":{"line":40,"column":56},"end":{"line":40,"column":69}},{"start":{"line":40,"column":73},"end":{"line":40,"column":88}}],"line":40},"4":{"loc":{"start":{"line":62,"column":4},"end":{"line":68,"column":5}},"type":"if","locations":[{"start":{"line":62,"column":4},"end":{"line":68,"column":5}},{"start":{"line":65,"column":11},"end":{"line":68,"column":5}}],"line":62},"5":{"loc":{"start":{"line":71,"column":25},"end":{"line":71,"column":88}},"type":"binary-expr","locations":[{"start":{"line":71,"column":25},"end":{"line":71,"column":52}},{"start":{"line":71,"column":56},"end":{"line":71,"column":69}},{"start":{"line":71,"column":73},"end":{"line":71,"column":88}}],"line":71}},"s":{"0":1,"1":1,"2":1,"3":7,"4":7,"5":7,"6":7,"7":0,"8":0,"9":0,"10":0,"11":7,"12":7,"13":7,"14":7,"15":1,"16":0,"17":0,"18":0,"19":0,"20":0,"21":0,"22":0,"23":0,"24":0,"25":0,"26":0,"27":0,"28":0,"29":0,"30":1,"31":0,"32":0,"33":0,"34":0,"35":0,"36":0,"37":0,"38":0},"f":{"0":7,"1":0,"2":0},"b":{"0":[1,1],"1":[0,0],"2":[0,0],"3":[7,7,0],"4":[0,0],"5":[0,0,0]},"_coverageSchema":"1a1c01bbd47fc00a2c39e90264f33305004495a9","hash":"90f6d326eb9dccbbebae64bcd18e2e377a39e6d0"}
,"/home/anantoliy/AndroidStudioProjects/Front_pochini_backup/src/models/AuthModel.ts": {"path":"/home/anantoliy/AndroidStudioProjects/Front_pochini_backup/src/models/AuthModel.ts","statementMap":{"0":{"start":{"line":5,"column":23},"end":{"line":5,"column":28}},"1":{"start":{"line":6,"column":24},"end":{"line":6,"column":29}},"2":{"start":{"line":7,"column":25},"end":{"line":7,"column":29}},"3":{"start":{"line":8,"column":14},"end":{"line":8,"column":18}},"4":{"start":{"line":11,"column":27},"end":{"line":11,"column":31}},"5":{"start":{"line":12,"column":25},"end":{"line":12,"column":27}},"6":{"start":{"line":13,"column":42},"end":{"line":13,"column":46}},"7":{"start":{"line":14,"column":18},"end":{"line":14,"column":20}},"8":{"start":{"line":15,"column":24},"end":{"line":15,"column":29}},"9":{"start":{"line":16,"column":60},"end":{"line":16,"column":74}},"10":{"start":{"line":19,"column":29},"end":{"line":19,"column":33}},"11":{"start":{"line":20,"column":38},"end":{"line":20,"column":42}},"12":{"start":{"line":23,"column":4},"end":{"line":55,"column":7}},"13":{"start":{"line":60,"column":4},"end":{"line":60,"column":29}},"14":{"start":{"line":64,"column":4},"end":{"line":64,"column":23}},"15":{"start":{"line":68,"column":4},"end":{"line":68,"column":21}},"16":{"start":{"line":69,"column":4},"end":{"line":69,"column":29}},"17":{"start":{"line":70,"column":4},"end":{"line":72,"column":5}},"18":{"start":{"line":71,"column":6},"end":{"line":71,"column":42}},"19":{"start":{"line":76,"column":4},"end":{"line":76,"column":27}},"20":{"start":{"line":80,"column":4},"end":{"line":80,"column":32}},"21":{"start":{"line":84,"column":4},"end":{"line":84,"column":28}},"22":{"start":{"line":88,"column":4},"end":{"line":88,"column":23}},"23":{"start":{"line":92,"column":4},"end":{"line":92,"column":33}},"24":{"start":{"line":96,"column":4},"end":{"line":96,"column":27}},"25":{"start":{"line":100,"column":4},"end":{"line":100,"column":37}},"26":{"start":{"line":104,"column":4},"end":{"line":104,"column":24}},"27":{"start":{"line":105,"column":4},"end":{"line":105,"column":27}},"28":{"start":{"line":106,"column":4},"end":{"line":106,"column":28}},"29":{"start":{"line":107,"column":4},"end":{"line":107,"column":20}},"30":{"start":{"line":108,"column":4},"end":{"line":108,"column":28}},"31":{"start":{"line":109,"column":4},"end":{"line":109,"column":43}},"32":{"start":{"line":110,"column":4},"end":{"line":110,"column":22}},"33":{"start":{"line":111,"column":4},"end":{"line":111,"column":27}},"34":{"start":{"line":112,"column":4},"end":{"line":112,"column":37}},"35":{"start":{"line":116,"column":4},"end":{"line":116,"column":21}},"36":{"start":{"line":117,"column":4},"end":{"line":117,"column":28}},"37":{"start":{"line":118,"column":4},"end":{"line":118,"column":26}},"38":{"start":{"line":119,"column":4},"end":{"line":119,"column":22}},"39":{"start":{"line":120,"column":4},"end":{"line":120,"column":17}},"40":{"start":{"line":125,"column":4},"end":{"line":125,"column":48}},"41":{"start":{"line":125,"column":36},"end":{"line":125,"column":48}},"42":{"start":{"line":127,"column":16},"end":{"line":127,"column":26}},"43":{"start":{"line":128,"column":17},"end":{"line":128,"column":68}},"44":{"start":{"line":129,"column":4},"end":{"line":129,"column":24}},"45":{"start":{"line":133,"column":4},"end":{"line":133,"column":38}},"46":{"start":{"line":133,"column":28},"end":{"line":133,"column":38}},"47":{"start":{"line":135,"column":4},"end":{"line":140,"column":5}},"48":{"start":{"line":136,"column":22},"end":{"line":136,"column":58}},"49":{"start":{"line":137,"column":6},"end":{"line":139,"column":7}},"50":{"start":{"line":138,"column":8},"end":{"line":138,"column":111}},"51":{"start":{"line":142,"column":4},"end":{"line":142,"column":29}},"52":{"start":{"line":146,"column":25},"end":{"line":146,"column":40}}},"fnMap":{"0":{"name":"(anonymous_0)","decl":{"start":{"line":22,"column":2},"end":{"line":22,"column":3}},"loc":{"start":{"line":22,"column":16},"end":{"line":56,"column":3}},"line":22},"1":{"name":"(anonymous_1)","decl":{"start":{"line":59,"column":2},"end":{"line":59,"column":3}},"loc":{"start":{"line":59,"column":31},"end":{"line":61,"column":3}},"line":59},"2":{"name":"(anonymous_2)","decl":{"start":{"line":63,"column":2},"end":{"line":63,"column":3}},"loc":{"start":{"line":63,"column":33},"end":{"line":65,"column":3}},"line":63},"3":{"name":"(anonymous_3)","decl":{"start":{"line":67,"column":2},"end":{"line":67,"column":3}},"loc":{"start":{"line":67,"column":21},"end":{"line":73,"column":3}},"line":67},"4":{"name":"(anonymous_4)","decl":{"start":{"line":75,"column":2},"end":{"line":75,"column":3}},"loc":{"start":{"line":75,"column":37},"end":{"line":77,"column":3}},"line":75},"5":{"name":"(anonymous_5)","decl":{"start":{"line":79,"column":2},"end":{"line":79,"column":3}},"loc":{"start":{"line":79,"column":35},"end":{"line":81,"column":3}},"line":79},"6":{"name":"(anonymous_6)","decl":{"start":{"line":83,"column":2},"end":{"line":83,"column":3}},"loc":{"start":{"line":83,"column":49},"end":{"line":85,"column":3}},"line":83},"7":{"name":"(anonymous_7)","decl":{"start":{"line":87,"column":2},"end":{"line":87,"column":3}},"loc":{"start":{"line":87,"column":26},"end":{"line":89,"column":3}},"line":87},"8":{"name":"(anonymous_8)","decl":{"start":{"line":91,"column":2},"end":{"line":91,"column":3}},"loc":{"start":{"line":91,"column":67},"end":{"line":93,"column":3}},"line":91},"9":{"name":"(anonymous_9)","decl":{"start":{"line":95,"column":2},"end":{"line":95,"column":3}},"loc":{"start":{"line":95,"column":37},"end":{"line":97,"column":3}},"line":95},"10":{"name":"(anonymous_10)","decl":{"start":{"line":99,"column":2},"end":{"line":99,"column":3}},"loc":{"start":{"line":99,"column":45},"end":{"line":101,"column":3}},"line":99},"11":{"name":"(anonymous_11)","decl":{"start":{"line":103,"column":2},"end":{"line":103,"column":3}},"loc":{"start":{"line":103,"column":10},"end":{"line":113,"column":3}},"line":103},"12":{"name":"(anonymous_12)","decl":{"start":{"line":115,"column":2},"end":{"line":115,"column":3}},"loc":{"start":{"line":115,"column":11},"end":{"line":121,"column":3}},"line":115},"13":{"name":"(anonymous_13)","decl":{"start":{"line":124,"column":2},"end":{"line":124,"column":3}},"loc":{"start":{"line":124,"column":31},"end":{"line":130,"column":3}},"line":124},"14":{"name":"(anonymous_14)","decl":{"start":{"line":132,"column":2},"end":{"line":132,"column":3}},"loc":{"start":{"line":132,"column":33},"end":{"line":143,"column":3}},"line":132}},"branchMap":{"0":{"loc":{"start":{"line":70,"column":4},"end":{"line":72,"column":5}},"type":"if","locations":[{"start":{"line":70,"column":4},"end":{"line":72,"column":5}},{"start":{},"end":{}}],"line":70},"1":{"loc":{"start":{"line":125,"column":4},"end":{"line":125,"column":48}},"type":"if","locations":[{"start":{"line":125,"column":4},"end":{"line":125,"column":48}},{"start":{},"end":{}}],"line":125},"2":{"loc":{"start":{"line":133,"column":4},"end":{"line":133,"column":38}},"type":"if","locations":[{"start":{"line":133,"column":4},"end":{"line":133,"column":38}},{"start":{},"end":{}}],"line":133},"3":{"loc":{"start":{"line":135,"column":4},"end":{"line":140,"column":5}},"type":"if","locations":[{"start":{"line":135,"column":4},"end":{"line":140,"column":5}},{"start":{},"end":{}}],"line":135},"4":{"loc":{"start":{"line":137,"column":6},"end":{"line":139,"column":7}},"type":"if","locations":[{"start":{"line":137,"column":6},"end":{"line":139,"column":7}},{"start":{},"end":{}}],"line":137},"5":{"loc":{"start":{"line":137,"column":10},"end":{"line":137,"column":58}},"type":"binary-expr","locations":[{"start":{"line":137,"column":10},"end":{"line":137,"column":33}},{"start":{"line":137,"column":37},"end":{"line":137,"column":58}}],"line":137}},"s":{"0":5,"1":5,"2":5,"3":5,"4":5,"5":5,"6":5,"7":5,"8":5,"9":5,"10":5,"11":5,"12":5,"13":7,"14":6,"15":4,"16":4,"17":4,"18":3,"19":0,"20":0,"21":0,"22":0,"23":0,"24":0,"25":0,"26":0,"27":0,"28":0,"29":0,"30":0,"31":0,"32":0,"33":0,"34":0,"35":0,"36":0,"37":0,"38":0,"39":0,"40":0,"41":0,"42":0,"43":0,"44":0,"45":0,"46":0,"47":0,"48":0,"49":0,"50":0,"51":0,"52":5},"f":{"0":5,"1":7,"2":6,"3":4,"4":0,"5":0,"6":0,"7":0,"8":0,"9":0,"10":0,"11":0,"12":0,"13":0,"14":0},"b":{"0":[3,1],"1":[0,0],"2":[0,0],"3":[0,0],"4":[0,0],"5":[0,0]},"_coverageSchema":"1a1c01bbd47fc00a2c39e90264f33305004495a9","hash":"47faaf3c048717e4ce8df10162be266b84c56c65"}
,"/home/anantoliy/AndroidStudioProjects/Front_pochini_backup/src/utils/logger.ts": {"path":"/home/anantoliy/AndroidStudioProjects/Front_pochini_backup/src/utils/logger.ts","statementMap":{"0":{"start":{"line":1,"column":22},"end":{"line":22,"column":1}},"1":{"start":{"line":3,"column":22},"end":{"line":3,"column":46}},"2":{"start":{"line":4,"column":4},"end":{"line":4,"column":43}},"3":{"start":{"line":7,"column":22},"end":{"line":7,"column":46}},"4":{"start":{"line":8,"column":4},"end":{"line":8,"column":47}},"5":{"start":{"line":11,"column":22},"end":{"line":11,"column":46}},"6":{"start":{"line":12,"column":4},"end":{"line":12,"column":47}},"7":{"start":{"line":15,"column":22},"end":{"line":15,"column":46}},"8":{"start":{"line":16,"column":4},"end":{"line":16,"column":47}},"9":{"start":{"line":19,"column":22},"end":{"line":19,"column":46}},"10":{"start":{"line":20,"column":4},"end":{"line":20,"column":48}}},"fnMap":{"0":{"name":"(anonymous_0)","decl":{"start":{"line":2,"column":7},"end":{"line":2,"column":8}},"loc":{"start":{"line":2,"column":27},"end":{"line":5,"column":3}},"line":2},"1":{"name":"(anonymous_1)","decl":{"start":{"line":6,"column":8},"end":{"line":6,"column":9}},"loc":{"start":{"line":6,"column":28},"end":{"line":9,"column":3}},"line":6},"2":{"name":"(anonymous_2)","decl":{"start":{"line":10,"column":8},"end":{"line":10,"column":9}},"loc":{"start":{"line":10,"column":28},"end":{"line":13,"column":3}},"line":10},"3":{"name":"(anonymous_3)","decl":{"start":{"line":14,"column":9},"end":{"line":14,"column":10}},"loc":{"start":{"line":14,"column":29},"end":{"line":17,"column":3}},"line":14},"4":{"name":"(anonymous_4)","decl":{"start":{"line":18,"column":9},"end":{"line":18,"column":10}},"loc":{"start":{"line":18,"column":29},"end":{"line":21,"column":3}},"line":18}},"branchMap":{},"s":{"0":0,"1":0,"2":0,"3":0,"4":0,"5":0,"6":0,"7":0,"8":0,"9":0,"10":0},"f":{"0":0,"1":0,"2":0,"3":0,"4":0},"b":{}}
,"/home/anantoliy/AndroidStudioProjects/Front_pochini_backup/src/views/CodeVerificationScreen.tsx": {"path":"/home/anantoliy/AndroidStudioProjects/Front_pochini_backup/src/views/CodeVerificationScreen.tsx","statementMap":{"0":{"start":{"line":22,"column":38},"end":{"line":242,"column":2}},"1":{"start":{"line":23,"column":26},"end":{"line":23,"column":60}},"2":{"start":{"line":24,"column":40},"end":{"line":24,"column":52}},"3":{"start":{"line":25,"column":36},"end":{"line":25,"column":51}},"4":{"start":{"line":26,"column":20},"end":{"line":26,"column":52}},"5":{"start":{"line":28,"column":2},"end":{"line":41,"column":9}},"6":{"start":{"line":30,"column":18},"end":{"line":38,"column":12}},"7":{"start":{"line":31,"column":6},"end":{"line":37,"column":9}},"8":{"start":{"line":32,"column":8},"end":{"line":35,"column":9}},"9":{"start":{"line":33,"column":10},"end":{"line":33,"column":29}},"10":{"start":{"line":34,"column":10},"end":{"line":34,"column":19}},"11":{"start":{"line":36,"column":8},"end":{"line":36,"column":24}},"12":{"start":{"line":40,"column":4},"end":{"line":40,"column":38}},"13":{"start":{"line":40,"column":17},"end":{"line":40,"column":37}},"14":{"start":{"line":43,"column":2},"end":{"line":48,"column":9}},"15":{"start":{"line":45,"column":4},"end":{"line":47,"column":5}},"16":{"start":{"line":46,"column":6},"end":{"line":46,"column":35}},"17":{"start":{"line":50,"column":27},"end":{"line":72,"column":3}},"18":{"start":{"line":52,"column":25},"end":{"line":52,"column":53}},"19":{"start":{"line":54,"column":4},"end":{"line":71,"column":5}},"20":{"start":{"line":55,"column":22},"end":{"line":55,"column":31}},"21":{"start":{"line":56,"column":6},"end":{"line":56,"column":36}},"22":{"start":{"line":57,"column":6},"end":{"line":57,"column":23}},"23":{"start":{"line":60,"column":6},"end":{"line":62,"column":7}},"24":{"start":{"line":61,"column":8},"end":{"line":61,"column":46}},"25":{"start":{"line":65,"column":6},"end":{"line":70,"column":7}},"26":{"start":{"line":66,"column":25},"end":{"line":66,"column":46}},"27":{"start":{"line":67,"column":8},"end":{"line":69,"column":9}},"28":{"start":{"line":68,"column":10},"end":{"line":68,"column":60}},"29":{"start":{"line":68,"column":27},"end":{"line":68,"column":53}},"30":{"start":{"line":74,"column":25},"end":{"line":79,"column":3}},"31":{"start":{"line":76,"column":4},"end":{"line":78,"column":5}},"32":{"start":{"line":77,"column":6},"end":{"line":77,"column":44}},"33":{"start":{"line":81,"column":27},"end":{"line":105,"column":3}},"34":{"start":{"line":82,"column":25},"end":{"line":82,"column":50}},"35":{"start":{"line":84,"column":4},"end":{"line":87,"column":5}},"36":{"start":{"line":85,"column":6},"end":{"line":85,"column":60}},"37":{"start":{"line":86,"column":6},"end":{"line":86,"column":13}},"38":{"start":{"line":89,"column":19},"end":{"line":89,"column":49}},"39":{"start":{"line":91,"column":4},"end":{"line":104,"column":5}},"40":{"start":{"line":92,"column":6},"end":{"line":98,"column":8}},"41":{"start":{"line":100,"column":6},"end":{"line":100,"column":74}},"42":{"start":{"line":102,"column":6},"end":{"line":102,"column":40}},"43":{"start":{"line":103,"column":6},"end":{"line":103,"column":36}},"44":{"start":{"line":107,"column":27},"end":{"line":121,"column":3}},"45":{"start":{"line":108,"column":4},"end":{"line":108,"column":27}},"46":{"start":{"line":108,"column":20},"end":{"line":108,"column":27}},"47":{"start":{"line":110,"column":19},"end":{"line":110,"column":49}},"48":{"start":{"line":112,"column":4},"end":{"line":120,"column":5}},"49":{"start":{"line":113,"column":6},"end":{"line":113,"column":25}},"50":{"start":{"line":114,"column":6},"end":{"line":114,"column":26}},"51":{"start":{"line":115,"column":6},"end":{"line":115,"column":40}},"52":{"start":{"line":116,"column":6},"end":{"line":116,"column":80}},"53":{"start":{"line":117,"column":6},"end":{"line":117,"column":36}},"54":{"start":{"line":119,"column":6},"end":{"line":119,"column":81}},"55":{"start":{"line":123,"column":29},"end":{"line":136,"column":3}},"56":{"start":{"line":124,"column":4},"end":{"line":135,"column":6}},"57":{"start":{"line":131,"column":25},"end":{"line":131,"column":44}},"58":{"start":{"line":138,"column":25},"end":{"line":141,"column":3}},"59":{"start":{"line":139,"column":4},"end":{"line":139,"column":38}},"60":{"start":{"line":140,"column":4},"end":{"line":140,"column":34}},"61":{"start":{"line":143,"column":21},"end":{"line":147,"column":3}},"62":{"start":{"line":144,"column":17},"end":{"line":144,"column":41}},"63":{"start":{"line":145,"column":17},"end":{"line":145,"column":29}},"64":{"start":{"line":146,"column":4},"end":{"line":146,"column":57}},"65":{"start":{"line":149,"column":2},"end":{"line":241,"column":4}},"66":{"start":{"line":166,"column":14},"end":{"line":180,"column":16}},"67":{"start":{"line":168,"column":31},"end":{"line":168,"column":61}},"68":{"start":{"line":174,"column":41},"end":{"line":174,"column":71}},"69":{"start":{"line":175,"column":35},"end":{"line":175,"column":59}},"70":{"start":{"line":197,"column":25},"end":{"line":197,"column":43}},"71":{"start":{"line":244,"column":15},"end":{"line":379,"column":2}}},"fnMap":{"0":{"name":"(anonymous_0)","decl":{"start":{"line":22,"column":47},"end":{"line":22,"column":48}},"loc":{"start":{"line":22,"column":53},"end":{"line":242,"column":1}},"line":22},"1":{"name":"(anonymous_1)","decl":{"start":{"line":28,"column":12},"end":{"line":28,"column":13}},"loc":{"start":{"line":28,"column":18},"end":{"line":41,"column":3}},"line":28},"2":{"name":"(anonymous_2)","decl":{"start":{"line":30,"column":30},"end":{"line":30,"column":31}},"loc":{"start":{"line":30,"column":36},"end":{"line":38,"column":5}},"line":30},"3":{"name":"(anonymous_3)","decl":{"start":{"line":31,"column":21},"end":{"line":31,"column":22}},"loc":{"start":{"line":31,"column":31},"end":{"line":37,"column":7}},"line":31},"4":{"name":"(anonymous_4)","decl":{"start":{"line":40,"column":11},"end":{"line":40,"column":12}},"loc":{"start":{"line":40,"column":17},"end":{"line":40,"column":37}},"line":40},"5":{"name":"(anonymous_5)","decl":{"start":{"line":43,"column":12},"end":{"line":43,"column":13}},"loc":{"start":{"line":43,"column":18},"end":{"line":48,"column":3}},"line":43},"6":{"name":"(anonymous_6)","decl":{"start":{"line":50,"column":27},"end":{"line":50,"column":28}},"loc":{"start":{"line":50,"column":61},"end":{"line":72,"column":3}},"line":50},"7":{"name":"(anonymous_7)","decl":{"start":{"line":68,"column":21},"end":{"line":68,"column":22}},"loc":{"start":{"line":68,"column":27},"end":{"line":68,"column":53}},"line":68},"8":{"name":"(anonymous_8)","decl":{"start":{"line":74,"column":25},"end":{"line":74,"column":26}},"loc":{"start":{"line":74,"column":52},"end":{"line":79,"column":3}},"line":74},"9":{"name":"(anonymous_9)","decl":{"start":{"line":81,"column":27},"end":{"line":81,"column":28}},"loc":{"start":{"line":81,"column":56},"end":{"line":105,"column":3}},"line":81},"10":{"name":"(anonymous_10)","decl":{"start":{"line":95,"column":40},"end":{"line":95,"column":41}},"loc":{"start":{"line":95,"column":46},"end":{"line":97,"column":9}},"line":95},"11":{"name":"(anonymous_11)","decl":{"start":{"line":107,"column":27},"end":{"line":107,"column":28}},"loc":{"start":{"line":107,"column":39},"end":{"line":121,"column":3}},"line":107},"12":{"name":"(anonymous_12)","decl":{"start":{"line":123,"column":29},"end":{"line":123,"column":30}},"loc":{"start":{"line":123,"column":35},"end":{"line":136,"column":3}},"line":123},"13":{"name":"(anonymous_13)","decl":{"start":{"line":131,"column":19},"end":{"line":131,"column":20}},"loc":{"start":{"line":131,"column":25},"end":{"line":131,"column":44}},"line":131},"14":{"name":"(anonymous_14)","decl":{"start":{"line":138,"column":25},"end":{"line":138,"column":26}},"loc":{"start":{"line":138,"column":31},"end":{"line":141,"column":3}},"line":138},"15":{"name":"(anonymous_15)","decl":{"start":{"line":143,"column":21},"end":{"line":143,"column":22}},"loc":{"start":{"line":143,"column":42},"end":{"line":147,"column":3}},"line":143},"16":{"name":"(anonymous_16)","decl":{"start":{"line":165,"column":22},"end":{"line":165,"column":23}},"loc":{"start":{"line":166,"column":14},"end":{"line":180,"column":16}},"line":166},"17":{"name":"(anonymous_17)","decl":{"start":{"line":168,"column":21},"end":{"line":168,"column":22}},"loc":{"start":{"line":168,"column":31},"end":{"line":168,"column":61}},"line":168},"18":{"name":"(anonymous_18)","decl":{"start":{"line":174,"column":30},"end":{"line":174,"column":31}},"loc":{"start":{"line":174,"column":41},"end":{"line":174,"column":71}},"line":174},"19":{"name":"(anonymous_19)","decl":{"start":{"line":175,"column":28},"end":{"line":175,"column":29}},"loc":{"start":{"line":175,"column":35},"end":{"line":175,"column":59}},"line":175},"20":{"name":"(anonymous_20)","decl":{"start":{"line":197,"column":19},"end":{"line":197,"column":20}},"loc":{"start":{"line":197,"column":25},"end":{"line":197,"column":43}},"line":197}},"branchMap":{"0":{"loc":{"start":{"line":32,"column":8},"end":{"line":35,"column":9}},"type":"if","locations":[{"start":{"line":32,"column":8},"end":{"line":35,"column":9}},{"start":{},"end":{}}],"line":32},"1":{"loc":{"start":{"line":45,"column":4},"end":{"line":47,"column":5}},"type":"if","locations":[{"start":{"line":45,"column":4},"end":{"line":47,"column":5}},{"start":{},"end":{}}],"line":45},"2":{"loc":{"start":{"line":54,"column":4},"end":{"line":71,"column":5}},"type":"if","locations":[{"start":{"line":54,"column":4},"end":{"line":71,"column":5}},{"start":{},"end":{}}],"line":54},"3":{"loc":{"start":{"line":60,"column":6},"end":{"line":62,"column":7}},"type":"if","locations":[{"start":{"line":60,"column":6},"end":{"line":62,"column":7}},{"start":{},"end":{}}],"line":60},"4":{"loc":{"start":{"line":60,"column":10},"end":{"line":60,"column":35}},"type":"binary-expr","locations":[{"start":{"line":60,"column":10},"end":{"line":60,"column":22}},{"start":{"line":60,"column":26},"end":{"line":60,"column":35}}],"line":60},"5":{"loc":{"start":{"line":65,"column":6},"end":{"line":70,"column":7}},"type":"if","locations":[{"start":{"line":65,"column":6},"end":{"line":70,"column":7}},{"start":{},"end":{}}],"line":65},"6":{"loc":{"start":{"line":65,"column":10},"end":{"line":65,"column":37}},"type":"binary-expr","locations":[{"start":{"line":65,"column":10},"end":{"line":65,"column":21}},{"start":{"line":65,"column":25},"end":{"line":65,"column":37}}],"line":65},"7":{"loc":{"start":{"line":67,"column":8},"end":{"line":69,"column":9}},"type":"if","locations":[{"start":{"line":67,"column":8},"end":{"line":69,"column":9}},{"start":{},"end":{}}],"line":67},"8":{"loc":{"start":{"line":76,"column":4},"end":{"line":78,"column":5}},"type":"if","locations":[{"start":{"line":76,"column":4},"end":{"line":78,"column":5}},{"start":{},"end":{}}],"line":76},"9":{"loc":{"start":{"line":76,"column":8},"end":{"line":76,"column":70}},"type":"binary-expr","locations":[{"start":{"line":76,"column":8},"end":{"line":76,"column":41}},{"start":{"line":76,"column":45},"end":{"line":76,"column":57}},{"start":{"line":76,"column":61},"end":{"line":76,"column":70}}],"line":76},"10":{"loc":{"start":{"line":82,"column":25},"end":{"line":82,"column":50}},"type":"binary-expr","locations":[{"start":{"line":82,"column":25},"end":{"line":82,"column":33}},{"start":{"line":82,"column":37},"end":{"line":82,"column":50}}],"line":82},"11":{"loc":{"start":{"line":84,"column":4},"end":{"line":87,"column":5}},"type":"if","locations":[{"start":{"line":84,"column":4},"end":{"line":87,"column":5}},{"start":{},"end":{}}],"line":84},"12":{"loc":{"start":{"line":91,"column":4},"end":{"line":104,"column":5}},"type":"if","locations":[{"start":{"line":91,"column":4},"end":{"line":104,"column":5}},{"start":{"line":99,"column":11},"end":{"line":104,"column":5}}],"line":91},"13":{"loc":{"start":{"line":100,"column":28},"end":{"line":100,"column":72}},"type":"binary-expr","locations":[{"start":{"line":100,"column":28},"end":{"line":100,"column":40}},{"start":{"line":100,"column":44},"end":{"line":100,"column":72}}],"line":100},"14":{"loc":{"start":{"line":108,"column":4},"end":{"line":108,"column":27}},"type":"if","locations":[{"start":{"line":108,"column":4},"end":{"line":108,"column":27}},{"start":{},"end":{}}],"line":108},"15":{"loc":{"start":{"line":112,"column":4},"end":{"line":120,"column":5}},"type":"if","locations":[{"start":{"line":112,"column":4},"end":{"line":120,"column":5}},{"start":{"line":118,"column":11},"end":{"line":120,"column":5}}],"line":112},"16":{"loc":{"start":{"line":119,"column":28},"end":{"line":119,"column":79}},"type":"binary-expr","locations":[{"start":{"line":119,"column":28},"end":{"line":119,"column":40}},{"start":{"line":119,"column":44},"end":{"line":119,"column":79}}],"line":119},"17":{"loc":{"start":{"line":152,"column":16},"end":{"line":152,"column":60}},"type":"cond-expr","locations":[{"start":{"line":152,"column":40},"end":{"line":152,"column":49}},{"start":{"line":152,"column":52},"end":{"line":152,"column":60}}],"line":152},"18":{"loc":{"start":{"line":158,"column":30},"end":{"line":158,"column":83}},"type":"cond-expr","locations":[{"start":{"line":158,"column":66},"end":{"line":158,"column":73}},{"start":{"line":158,"column":76},"end":{"line":158,"column":83}}],"line":158},"19":{"loc":{"start":{"line":171,"column":18},"end":{"line":171,"column":49}},"type":"binary-expr","locations":[{"start":{"line":171,"column":18},"end":{"line":171,"column":23}},{"start":{"line":171,"column":27},"end":{"line":171,"column":49}}],"line":171},"20":{"loc":{"start":{"line":195,"column":12},"end":{"line":195,"column":94}},"type":"binary-expr","locations":[{"start":{"line":195,"column":13},"end":{"line":195,"column":39}},{"start":{"line":195,"column":43},"end":{"line":195,"column":62}},{"start":{"line":195,"column":67},"end":{"line":195,"column":94}}],"line":195},"21":{"loc":{"start":{"line":198,"column":20},"end":{"line":198,"column":69}},"type":"binary-expr","locations":[{"start":{"line":198,"column":20},"end":{"line":198,"column":46}},{"start":{"line":198,"column":50},"end":{"line":198,"column":69}}],"line":198},"22":{"loc":{"start":{"line":200,"column":11},"end":{"line":207,"column":11}},"type":"cond-expr","locations":[{"start":{"line":201,"column":12},"end":{"line":204,"column":19}},{"start":{"line":206,"column":12},"end":{"line":206,"column":68}}],"line":200},"23":{"loc":{"start":{"line":211,"column":11},"end":{"line":222,"column":11}},"type":"cond-expr","locations":[{"start":{"line":212,"column":12},"end":{"line":217,"column":31}},{"start":{"line":219,"column":12},"end":{"line":221,"column":19}}],"line":211},"24":{"loc":{"start":{"line":230,"column":22},"end":{"line":230,"column":75}},"type":"cond-expr","locations":[{"start":{"line":230,"column":58},"end":{"line":230,"column":65}},{"start":{"line":230,"column":68},"end":{"line":230,"column":75}}],"line":230},"25":{"loc":{"start":{"line":234,"column":9},"end":{"line":238,"column":9}},"type":"binary-expr","locations":[{"start":{"line":234,"column":9},"end":{"line":234,"column":24}},{"start":{"line":235,"column":10},"end":{"line":237,"column":17}}],"line":234}},"s":{"0":0,"1":0,"2":0,"3":0,"4":0,"5":0,"6":0,"7":0,"8":0,"9":0,"10":0,"11":0,"12":0,"13":0,"14":0,"15":0,"16":0,"17":0,"18":0,"19":0,"20":0,"21":0,"22":0,"23":0,"24":0,"25":0,"26":0,"27":0,"28":0,"29":0,"30":0,"31":0,"32":0,"33":0,"34":0,"35":0,"36":0,"37":0,"38":0,"39":0,"40":0,"41":0,"42":0,"43":0,"44":0,"45":0,"46":0,"47":0,"48":0,"49":0,"50":0,"51":0,"52":0,"53":0,"54":0,"55":0,"56":0,"57":0,"58":0,"59":0,"60":0,"61":0,"62":0,"63":0,"64":0,"65":0,"66":0,"67":0,"68":0,"69":0,"70":0,"71":0},"f":{"0":0,"1":0,"2":0,"3":0,"4":0,"5":0,"6":0,"7":0,"8":0,"9":0,"10":0,"11":0,"12":0,"13":0,"14":0,"15":0,"16":0,"17":0,"18":0,"19":0,"20":0},"b":{"0":[0,0],"1":[0,0],"2":[0,0],"3":[0,0],"4":[0,0],"5":[0,0],"6":[0,0],"7":[0,0],"8":[0,0],"9":[0,0,0],"10":[0,0],"11":[0,0],"12":[0,0],"13":[0,0],"14":[0,0],"15":[0,0],"16":[0,0],"17":[0,0],"18":[0,0],"19":[0,0],"20":[0,0,0],"21":[0,0],"22":[0,0],"23":[0,0],"24":[0,0],"25":[0,0]}}
,"/home/anantoliy/AndroidStudioProjects/Front_pochini_backup/src/views/DashboardScreen.tsx": {"path":"/home/anantoliy/AndroidStudioProjects/Front_pochini_backup/src/views/DashboardScreen.tsx","statementMap":{"0":{"start":{"line":14,"column":31},"end":{"line":67,"column":2}},"1":{"start":{"line":15,"column":23},"end":{"line":28,"column":3}},"2":{"start":{"line":16,"column":4},"end":{"line":27,"column":6}},"3":{"start":{"line":24,"column":25},"end":{"line":24,"column":33}},"4":{"start":{"line":30,"column":2},"end":{"line":66,"column":4}},"5":{"start":{"line":69,"column":15},"end":{"line":124,"column":2}}},"fnMap":{"0":{"name":"(anonymous_0)","decl":{"start":{"line":14,"column":40},"end":{"line":14,"column":41}},"loc":{"start":{"line":14,"column":46},"end":{"line":67,"column":1}},"line":14},"1":{"name":"(anonymous_1)","decl":{"start":{"line":15,"column":23},"end":{"line":15,"column":24}},"loc":{"start":{"line":15,"column":29},"end":{"line":28,"column":3}},"line":15},"2":{"name":"(anonymous_2)","decl":{"start":{"line":24,"column":19},"end":{"line":24,"column":20}},"loc":{"start":{"line":24,"column":25},"end":{"line":24,"column":33}},"line":24}},"branchMap":{"0":{"loc":{"start":{"line":47,"column":11},"end":{"line":47,"column":66}},"type":"cond-expr","locations":[{"start":{"line":47,"column":47},"end":{"line":47,"column":54}},{"start":{"line":47,"column":57},"end":{"line":47,"column":66}}],"line":47},"1":{"loc":{"start":{"line":50,"column":9},"end":{"line":57,"column":9}},"type":"binary-expr","locations":[{"start":{"line":50,"column":9},"end":{"line":50,"column":23}},{"start":{"line":51,"column":10},"end":{"line":56,"column":13}}],"line":50},"2":{"loc":{"start":{"line":54,"column":15},"end":{"line":54,"column":47}},"type":"binary-expr","locations":[{"start":{"line":54,"column":15},"end":{"line":54,"column":32}},{"start":{"line":54,"column":36},"end":{"line":54,"column":47}}],"line":54}},"s":{"0":0,"1":0,"2":0,"3":0,"4":0,"5":0},"f":{"0":0,"1":0,"2":0},"b":{"0":[0,0],"1":[0,0],"2":[0,0]}}
,"/home/anantoliy/AndroidStudioProjects/Front_pochini_backup/src/views/LoginScreen.tsx": {"path":"/home/anantoliy/AndroidStudioProjects/Front_pochini_backup/src/views/LoginScreen.tsx","statementMap":{"0":{"start":{"line":18,"column":27},"end":{"line":238,"column":2}},"1":{"start":{"line":19,"column":32},"end":{"line":19,"column":44}},"2":{"start":{"line":20,"column":40},"end":{"line":20,"column":80}},"3":{"start":{"line":21,"column":46},"end":{"line":21,"column":61}},"4":{"start":{"line":24,"column":23},"end":{"line":27,"column":3}},"5":{"start":{"line":25,"column":23},"end":{"line":25,"column":51}},"6":{"start":{"line":26,"column":4},"end":{"line":26,"column":34}},"7":{"start":{"line":30,"column":23},"end":{"line":33,"column":3}},"8":{"start":{"line":31,"column":20},"end":{"line":31,"column":44}},"9":{"start":{"line":32,"column":4},"end":{"line":32,"column":60}},"10":{"start":{"line":36,"column":28},"end":{"line":65,"column":3}},"11":{"start":{"line":37,"column":20},"end":{"line":37,"column":44}},"12":{"start":{"line":38,"column":4},"end":{"line":38,"column":44}},"13":{"start":{"line":38,"column":29},"end":{"line":38,"column":44}},"14":{"start":{"line":40,"column":20},"end":{"line":40,"column":27}},"15":{"start":{"line":41,"column":4},"end":{"line":43,"column":5}},"16":{"start":{"line":42,"column":6},"end":{"line":42,"column":41}},"17":{"start":{"line":44,"column":4},"end":{"line":46,"column":5}},"18":{"start":{"line":45,"column":6},"end":{"line":45,"column":32}},"19":{"start":{"line":48,"column":18},"end":{"line":48,"column":20}},"20":{"start":{"line":49,"column":4},"end":{"line":63,"column":5}},"21":{"start":{"line":50,"column":6},"end":{"line":50,"column":21}},"22":{"start":{"line":51,"column":6},"end":{"line":62,"column":7}},"23":{"start":{"line":52,"column":8},"end":{"line":52,"column":48}},"24":{"start":{"line":53,"column":8},"end":{"line":61,"column":9}},"25":{"start":{"line":54,"column":10},"end":{"line":54,"column":50}},"26":{"start":{"line":55,"column":10},"end":{"line":60,"column":11}},"27":{"start":{"line":56,"column":12},"end":{"line":56,"column":51}},"28":{"start":{"line":57,"column":12},"end":{"line":59,"column":13}},"29":{"start":{"line":58,"column":14},"end":{"line":58,"column":54}},"30":{"start":{"line":64,"column":4},"end":{"line":64,"column":19}},"31":{"start":{"line":67,"column":30},"end":{"line":87,"column":3}},"32":{"start":{"line":68,"column":19},"end":{"line":68,"column":24}},"33":{"start":{"line":69,"column":51},"end":{"line":69,"column":55}},"34":{"start":{"line":70,"column":18},"end":{"line":70,"column":23}},"35":{"start":{"line":73,"column":4},"end":{"line":82,"column":5}},"36":{"start":{"line":75,"column":6},"end":{"line":75,"column":31}},"37":{"start":{"line":76,"column":6},"end":{"line":76,"column":36}},"38":{"start":{"line":77,"column":11},"end":{"line":82,"column":5}},"39":{"start":{"line":79,"column":6},"end":{"line":79,"column":31}},"40":{"start":{"line":80,"column":6},"end":{"line":80,"column":42}},"41":{"start":{"line":81,"column":6},"end":{"line":81,"column":39}},"42":{"start":{"line":84,"column":4},"end":{"line":84,"column":25}},"43":{"start":{"line":85,"column":4},"end":{"line":85,"column":35}},"44":{"start":{"line":86,"column":4},"end":{"line":86,"column":31}},"45":{"start":{"line":89,"column":28},"end":{"line":94,"column":3}},"46":{"start":{"line":90,"column":4},"end":{"line":92,"column":5}},"47":{"start":{"line":91,"column":6},"end":{"line":91,"column":40}},"48":{"start":{"line":93,"column":4},"end":{"line":93,"column":26}},"49":{"start":{"line":96,"column":25},"end":{"line":128,"column":3}},"50":{"start":{"line":97,"column":4},"end":{"line":100,"column":5}},"51":{"start":{"line":98,"column":6},"end":{"line":98,"column":75}},"52":{"start":{"line":99,"column":6},"end":{"line":99,"column":13}},"53":{"start":{"line":102,"column":4},"end":{"line":105,"column":5}},"54":{"start":{"line":103,"column":6},"end":{"line":103,"column":66}},"55":{"start":{"line":104,"column":6},"end":{"line":104,"column":13}},"56":{"start":{"line":107,"column":27},"end":{"line":107,"column":46}},"57":{"start":{"line":110,"column":18},"end":{"line":110,"column":75}},"58":{"start":{"line":112,"column":19},"end":{"line":116,"column":5}},"59":{"start":{"line":118,"column":4},"end":{"line":127,"column":5}},"60":{"start":{"line":119,"column":29},"end":{"line":119,"column":79}},"61":{"start":{"line":120,"column":6},"end":{"line":124,"column":8}},"62":{"start":{"line":126,"column":6},"end":{"line":126,"column":72}},"63":{"start":{"line":130,"column":32},"end":{"line":132,"column":3}},"64":{"start":{"line":131,"column":4},"end":{"line":131,"column":42}},"65":{"start":{"line":134,"column":26},"end":{"line":138,"column":3}},"66":{"start":{"line":135,"column":4},"end":{"line":135,"column":48}},"67":{"start":{"line":135,"column":33},"end":{"line":135,"column":48}},"68":{"start":{"line":136,"column":4},"end":{"line":136,"column":57}},"69":{"start":{"line":136,"column":33},"end":{"line":136,"column":57}},"70":{"start":{"line":137,"column":4},"end":{"line":137,"column":31}},"71":{"start":{"line":140,"column":29},"end":{"line":144,"column":3}},"72":{"start":{"line":141,"column":4},"end":{"line":141,"column":19}},"73":{"start":{"line":142,"column":4},"end":{"line":142,"column":25}},"74":{"start":{"line":143,"column":4},"end":{"line":143,"column":29}},"75":{"start":{"line":146,"column":2},"end":{"line":237,"column":4}},"76":{"start":{"line":240,"column":15},"end":{"line":381,"column":2}}},"fnMap":{"0":{"name":"(anonymous_0)","decl":{"start":{"line":18,"column":36},"end":{"line":18,"column":37}},"loc":{"start":{"line":18,"column":42},"end":{"line":238,"column":1}},"line":18},"1":{"name":"(anonymous_1)","decl":{"start":{"line":24,"column":23},"end":{"line":24,"column":24}},"loc":{"start":{"line":24,"column":42},"end":{"line":27,"column":3}},"line":24},"2":{"name":"(anonymous_2)","decl":{"start":{"line":30,"column":23},"end":{"line":30,"column":24}},"loc":{"start":{"line":30,"column":42},"end":{"line":33,"column":3}},"line":30},"3":{"name":"(anonymous_3)","decl":{"start":{"line":36,"column":28},"end":{"line":36,"column":29}},"loc":{"start":{"line":36,"column":47},"end":{"line":65,"column":3}},"line":36},"4":{"name":"(anonymous_4)","decl":{"start":{"line":67,"column":30},"end":{"line":67,"column":31}},"loc":{"start":{"line":67,"column":49},"end":{"line":87,"column":3}},"line":67},"5":{"name":"(anonymous_5)","decl":{"start":{"line":89,"column":28},"end":{"line":89,"column":29}},"loc":{"start":{"line":89,"column":34},"end":{"line":94,"column":3}},"line":89},"6":{"name":"(anonymous_6)","decl":{"start":{"line":96,"column":25},"end":{"line":96,"column":26}},"loc":{"start":{"line":96,"column":37},"end":{"line":128,"column":3}},"line":96},"7":{"name":"(anonymous_7)","decl":{"start":{"line":130,"column":32},"end":{"line":130,"column":33}},"loc":{"start":{"line":130,"column":38},"end":{"line":132,"column":3}},"line":130},"8":{"name":"(anonymous_8)","decl":{"start":{"line":134,"column":26},"end":{"line":134,"column":27}},"loc":{"start":{"line":134,"column":32},"end":{"line":138,"column":3}},"line":134},"9":{"name":"(anonymous_9)","decl":{"start":{"line":140,"column":29},"end":{"line":140,"column":30}},"loc":{"start":{"line":140,"column":35},"end":{"line":144,"column":3}},"line":140}},"branchMap":{"0":{"loc":{"start":{"line":32,"column":11},"end":{"line":32,"column":59}},"type":"binary-expr","locations":[{"start":{"line":32,"column":11},"end":{"line":32,"column":32}},{"start":{"line":32,"column":36},"end":{"line":32,"column":59}}],"line":32},"1":{"loc":{"start":{"line":38,"column":4},"end":{"line":38,"column":44}},"type":"if","locations":[{"start":{"line":38,"column":4},"end":{"line":38,"column":44}},{"start":{},"end":{}}],"line":38},"2":{"loc":{"start":{"line":41,"column":4},"end":{"line":43,"column":5}},"type":"if","locations":[{"start":{"line":41,"column":4},"end":{"line":43,"column":5}},{"start":{},"end":{}}],"line":41},"3":{"loc":{"start":{"line":44,"column":4},"end":{"line":46,"column":5}},"type":"if","locations":[{"start":{"line":44,"column":4},"end":{"line":46,"column":5}},{"start":{},"end":{}}],"line":44},"4":{"loc":{"start":{"line":44,"column":8},"end":{"line":44,"column":54}},"type":"binary-expr","locations":[{"start":{"line":44,"column":8},"end":{"line":44,"column":26}},{"start":{"line":44,"column":30},"end":{"line":44,"column":54}}],"line":44},"5":{"loc":{"start":{"line":49,"column":4},"end":{"line":63,"column":5}},"type":"if","locations":[{"start":{"line":49,"column":4},"end":{"line":63,"column":5}},{"start":{},"end":{}}],"line":49},"6":{"loc":{"start":{"line":51,"column":6},"end":{"line":62,"column":7}},"type":"if","locations":[{"start":{"line":51,"column":6},"end":{"line":62,"column":7}},{"start":{},"end":{}}],"line":51},"7":{"loc":{"start":{"line":53,"column":8},"end":{"line":61,"column":9}},"type":"if","locations":[{"start":{"line":53,"column":8},"end":{"line":61,"column":9}},{"start":{},"end":{}}],"line":53},"8":{"loc":{"start":{"line":55,"column":10},"end":{"line":60,"column":11}},"type":"if","locations":[{"start":{"line":55,"column":10},"end":{"line":60,"column":11}},{"start":{},"end":{}}],"line":55},"9":{"loc":{"start":{"line":57,"column":12},"end":{"line":59,"column":13}},"type":"if","locations":[{"start":{"line":57,"column":12},"end":{"line":59,"column":13}},{"start":{},"end":{}}],"line":57},"10":{"loc":{"start":{"line":73,"column":4},"end":{"line":82,"column":5}},"type":"if","locations":[{"start":{"line":73,"column":4},"end":{"line":82,"column":5}},{"start":{"line":77,"column":11},"end":{"line":82,"column":5}}],"line":73},"11":{"loc":{"start":{"line":77,"column":11},"end":{"line":82,"column":5}},"type":"if","locations":[{"start":{"line":77,"column":11},"end":{"line":82,"column":5}},{"start":{},"end":{}}],"line":77},"12":{"loc":{"start":{"line":90,"column":4},"end":{"line":92,"column":5}},"type":"if","locations":[{"start":{"line":90,"column":4},"end":{"line":92,"column":5}},{"start":{},"end":{}}],"line":90},"13":{"loc":{"start":{"line":97,"column":4},"end":{"line":100,"column":5}},"type":"if","locations":[{"start":{"line":97,"column":4},"end":{"line":100,"column":5}},{"start":{},"end":{}}],"line":97},"14":{"loc":{"start":{"line":102,"column":4},"end":{"line":105,"column":5}},"type":"if","locations":[{"start":{"line":102,"column":4},"end":{"line":105,"column":5}},{"start":{},"end":{}}],"line":102},"15":{"loc":{"start":{"line":110,"column":18},"end":{"line":110,"column":75}},"type":"cond-expr","locations":[{"start":{"line":110,"column":44},"end":{"line":110,"column":58}},{"start":{"line":110,"column":61},"end":{"line":110,"column":75}}],"line":110},"16":{"loc":{"start":{"line":118,"column":4},"end":{"line":127,"column":5}},"type":"if","locations":[{"start":{"line":118,"column":4},"end":{"line":127,"column":5}},{"start":{"line":125,"column":11},"end":{"line":127,"column":5}}],"line":118},"17":{"loc":{"start":{"line":119,"column":29},"end":{"line":119,"column":79}},"type":"cond-expr","locations":[{"start":{"line":119,"column":55},"end":{"line":119,"column":62}},{"start":{"line":119,"column":65},"end":{"line":119,"column":79}}],"line":119},"18":{"loc":{"start":{"line":126,"column":28},"end":{"line":126,"column":70}},"type":"binary-expr","locations":[{"start":{"line":126,"column":28},"end":{"line":126,"column":40}},{"start":{"line":126,"column":44},"end":{"line":126,"column":70}}],"line":126},"19":{"loc":{"start":{"line":135,"column":4},"end":{"line":135,"column":48}},"type":"if","locations":[{"start":{"line":135,"column":4},"end":{"line":135,"column":48}},{"start":{},"end":{}}],"line":135},"20":{"loc":{"start":{"line":136,"column":4},"end":{"line":136,"column":57}},"type":"if","locations":[{"start":{"line":136,"column":4},"end":{"line":136,"column":57}},{"start":{},"end":{}}],"line":136},"21":{"loc":{"start":{"line":149,"column":16},"end":{"line":149,"column":60}},"type":"cond-expr","locations":[{"start":{"line":149,"column":40},"end":{"line":149,"column":49}},{"start":{"line":149,"column":52},"end":{"line":149,"column":60}}],"line":149},"22":{"loc":{"start":{"line":169,"column":16},"end":{"line":169,"column":81}},"type":"binary-expr","locations":[{"start":{"line":169,"column":16},"end":{"line":169,"column":31}},{"start":{"line":169,"column":35},"end":{"line":169,"column":53}},{"start":{"line":169,"column":57},"end":{"line":169,"column":81}}],"line":169},"23":{"loc":{"start":{"line":170,"column":16},"end":{"line":170,"column":58}},"type":"binary-expr","locations":[{"start":{"line":170,"column":16},"end":{"line":170,"column":30}},{"start":{"line":170,"column":34},"end":{"line":170,"column":58}}],"line":170},"24":{"loc":{"start":{"line":172,"column":28},"end":{"line":172,"column":81}},"type":"cond-expr","locations":[{"start":{"line":172,"column":54},"end":{"line":172,"column":63}},{"start":{"line":172,"column":66},"end":{"line":172,"column":81}}],"line":172},"25":{"loc":{"start":{"line":177,"column":13},"end":{"line":184,"column":13}},"type":"binary-expr","locations":[{"start":{"line":177,"column":13},"end":{"line":177,"column":31}},{"start":{"line":178,"column":14},"end":{"line":183,"column":33}}],"line":177},"26":{"loc":{"start":{"line":187,"column":11},"end":{"line":193,"column":11}},"type":"binary-expr","locations":[{"start":{"line":187,"column":11},"end":{"line":187,"column":22}},{"start":{"line":188,"column":12},"end":{"line":192,"column":19}}],"line":187},"27":{"loc":{"start":{"line":190,"column":17},"end":{"line":190,"column":68}},"type":"cond-expr","locations":[{"start":{"line":190,"column":43},"end":{"line":190,"column":53}},{"start":{"line":190,"column":56},"end":{"line":190,"column":68}}],"line":190},"28":{"loc":{"start":{"line":195,"column":11},"end":{"line":202,"column":11}},"type":"binary-expr","locations":[{"start":{"line":195,"column":11},"end":{"line":195,"column":26}},{"start":{"line":195,"column":30},"end":{"line":195,"column":48}},{"start":{"line":196,"column":12},"end":{"line":201,"column":19}}],"line":195},"29":{"loc":{"start":{"line":197,"column":15},"end":{"line":199,"column":64}},"type":"cond-expr","locations":[{"start":{"line":198,"column":18},"end":{"line":198,"column":50}},{"start":{"line":199,"column":18},"end":{"line":199,"column":64}}],"line":197},"30":{"loc":{"start":{"line":208,"column":12},"end":{"line":208,"column":81}},"type":"binary-expr","locations":[{"start":{"line":208,"column":13},"end":{"line":208,"column":28}},{"start":{"line":208,"column":32},"end":{"line":208,"column":51}},{"start":{"line":208,"column":56},"end":{"line":208,"column":81}}],"line":208},"31":{"loc":{"start":{"line":211,"column":20},"end":{"line":211,"column":58}},"type":"binary-expr","locations":[{"start":{"line":211,"column":20},"end":{"line":211,"column":35}},{"start":{"line":211,"column":39},"end":{"line":211,"column":58}}],"line":211},"32":{"loc":{"start":{"line":213,"column":11},"end":{"line":220,"column":11}},"type":"cond-expr","locations":[{"start":{"line":214,"column":12},"end":{"line":217,"column":19}},{"start":{"line":219,"column":12},"end":{"line":219,"column":67}}],"line":213},"33":{"loc":{"start":{"line":223,"column":9},"end":{"line":227,"column":9}},"type":"binary-expr","locations":[{"start":{"line":223,"column":9},"end":{"line":223,"column":24}},{"start":{"line":224,"column":10},"end":{"line":226,"column":17}}],"line":223}},"s":{"0":0,"1":0,"2":0,"3":0,"4":0,"5":0,"6":0,"7":0,"8":0,"9":0,"10":0,"11":0,"12":0,"13":0,"14":0,"15":0,"16":0,"17":0,"18":0,"19":0,"20":0,"21":0,"22":0,"23":0,"24":0,"25":0,"26":0,"27":0,"28":0,"29":0,"30":0,"31":0,"32":0,"33":0,"34":0,"35":0,"36":0,"37":0,"38":0,"39":0,"40":0,"41":0,"42":0,"43":0,"44":0,"45":0,"46":0,"47":0,"48":0,"49":0,"50":0,"51":0,"52":0,"53":0,"54":0,"55":0,"56":0,"57":0,"58":0,"59":0,"60":0,"61":0,"62":0,"63":0,"64":0,"65":0,"66":0,"67":0,"68":0,"69":0,"70":0,"71":0,"72":0,"73":0,"74":0,"75":0,"76":0},"f":{"0":0,"1":0,"2":0,"3":0,"4":0,"5":0,"6":0,"7":0,"8":0,"9":0},"b":{"0":[0,0],"1":[0,0],"2":[0,0],"3":[0,0],"4":[0,0],"5":[0,0],"6":[0,0],"7":[0,0],"8":[0,0],"9":[0,0],"10":[0,0],"11":[0,0],"12":[0,0],"13":[0,0],"14":[0,0],"15":[0,0],"16":[0,0],"17":[0,0],"18":[0,0],"19":[0,0],"20":[0,0],"21":[0,0],"22":[0,0,0],"23":[0,0],"24":[0,0],"25":[0,0],"26":[0,0],"27":[0,0],"28":[0,0,0],"29":[0,0],"30":[0,0,0],"31":[0,0],"32":[0,0],"33":[0,0]}}
,"/home/anantoliy/AndroidStudioProjects/Front_pochini_backup/src/views/PhoneVerificationScreen.tsx": {"path":"/home/anantoliy/AndroidStudioProjects/Front_pochini_backup/src/views/PhoneVerificationScreen.tsx","statementMap":{"0":{"start":{"line":18,"column":34},"end":{"line":274,"column":2}},"1":{"start":{"line":19,"column":28},"end":{"line":19,"column":40}},"2":{"start":{"line":20,"column":32},"end":{"line":20,"column":44}},"3":{"start":{"line":21,"column":40},"end":{"line":21,"column":80}},"4":{"start":{"line":22,"column":42},"end":{"line":22,"column":57}},"5":{"start":{"line":23,"column":46},"end":{"line":23,"column":61}},"6":{"start":{"line":26,"column":23},"end":{"line":29,"column":3}},"7":{"start":{"line":27,"column":23},"end":{"line":27,"column":51}},"8":{"start":{"line":28,"column":4},"end":{"line":28,"column":34}},"9":{"start":{"line":32,"column":23},"end":{"line":35,"column":3}},"10":{"start":{"line":33,"column":20},"end":{"line":33,"column":44}},"11":{"start":{"line":34,"column":4},"end":{"line":34,"column":60}},"12":{"start":{"line":38,"column":28},"end":{"line":71,"column":3}},"13":{"start":{"line":39,"column":20},"end":{"line":39,"column":44}},"14":{"start":{"line":41,"column":4},"end":{"line":41,"column":44}},"15":{"start":{"line":41,"column":29},"end":{"line":41,"column":44}},"16":{"start":{"line":43,"column":20},"end":{"line":43,"column":27}},"17":{"start":{"line":45,"column":4},"end":{"line":47,"column":5}},"18":{"start":{"line":46,"column":6},"end":{"line":46,"column":41}},"19":{"start":{"line":49,"column":4},"end":{"line":51,"column":5}},"20":{"start":{"line":50,"column":6},"end":{"line":50,"column":32}},"21":{"start":{"line":53,"column":18},"end":{"line":53,"column":20}},"22":{"start":{"line":54,"column":4},"end":{"line":68,"column":5}},"23":{"start":{"line":55,"column":6},"end":{"line":55,"column":21}},"24":{"start":{"line":56,"column":6},"end":{"line":67,"column":7}},"25":{"start":{"line":57,"column":8},"end":{"line":57,"column":48}},"26":{"start":{"line":58,"column":8},"end":{"line":66,"column":9}},"27":{"start":{"line":59,"column":10},"end":{"line":59,"column":50}},"28":{"start":{"line":60,"column":10},"end":{"line":65,"column":11}},"29":{"start":{"line":61,"column":12},"end":{"line":61,"column":51}},"30":{"start":{"line":62,"column":12},"end":{"line":64,"column":13}},"31":{"start":{"line":63,"column":14},"end":{"line":63,"column":54}},"32":{"start":{"line":70,"column":4},"end":{"line":70,"column":19}},"33":{"start":{"line":73,"column":28},"end":{"line":76,"column":3}},"34":{"start":{"line":74,"column":4},"end":{"line":74,"column":20}},"35":{"start":{"line":75,"column":4},"end":{"line":75,"column":46}},"36":{"start":{"line":78,"column":30},"end":{"line":98,"column":3}},"37":{"start":{"line":79,"column":19},"end":{"line":79,"column":24}},"38":{"start":{"line":80,"column":51},"end":{"line":80,"column":55}},"39":{"start":{"line":81,"column":18},"end":{"line":81,"column":23}},"40":{"start":{"line":84,"column":4},"end":{"line":93,"column":5}},"41":{"start":{"line":86,"column":6},"end":{"line":86,"column":31}},"42":{"start":{"line":87,"column":6},"end":{"line":87,"column":36}},"43":{"start":{"line":88,"column":11},"end":{"line":93,"column":5}},"44":{"start":{"line":90,"column":6},"end":{"line":90,"column":31}},"45":{"start":{"line":91,"column":6},"end":{"line":91,"column":42}},"46":{"start":{"line":92,"column":6},"end":{"line":92,"column":39}},"47":{"start":{"line":95,"column":4},"end":{"line":95,"column":25}},"48":{"start":{"line":96,"column":4},"end":{"line":96,"column":35}},"49":{"start":{"line":97,"column":4},"end":{"line":97,"column":31}},"50":{"start":{"line":100,"column":28},"end":{"line":105,"column":3}},"51":{"start":{"line":101,"column":4},"end":{"line":103,"column":5}},"52":{"start":{"line":102,"column":6},"end":{"line":102,"column":40}},"53":{"start":{"line":104,"column":4},"end":{"line":104,"column":26}},"54":{"start":{"line":107,"column":25},"end":{"line":141,"column":3}},"55":{"start":{"line":108,"column":4},"end":{"line":111,"column":5}},"56":{"start":{"line":109,"column":6},"end":{"line":109,"column":76}},"57":{"start":{"line":110,"column":6},"end":{"line":110,"column":13}},"58":{"start":{"line":113,"column":4},"end":{"line":116,"column":5}},"59":{"start":{"line":114,"column":6},"end":{"line":114,"column":75}},"60":{"start":{"line":115,"column":6},"end":{"line":115,"column":13}},"61":{"start":{"line":118,"column":4},"end":{"line":121,"column":5}},"62":{"start":{"line":119,"column":6},"end":{"line":119,"column":66}},"63":{"start":{"line":120,"column":6},"end":{"line":120,"column":13}},"64":{"start":{"line":123,"column":27},"end":{"line":123,"column":46}},"65":{"start":{"line":125,"column":19},"end":{"line":129,"column":5}},"66":{"start":{"line":131,"column":4},"end":{"line":140,"column":5}},"67":{"start":{"line":132,"column":29},"end":{"line":132,"column":79}},"68":{"start":{"line":133,"column":6},"end":{"line":137,"column":8}},"69":{"start":{"line":139,"column":6},"end":{"line":139,"column":72}},"70":{"start":{"line":143,"column":32},"end":{"line":145,"column":3}},"71":{"start":{"line":144,"column":4},"end":{"line":144,"column":42}},"72":{"start":{"line":147,"column":26},"end":{"line":151,"column":3}},"73":{"start":{"line":148,"column":4},"end":{"line":148,"column":48}},"74":{"start":{"line":148,"column":33},"end":{"line":148,"column":48}},"75":{"start":{"line":149,"column":4},"end":{"line":149,"column":57}},"76":{"start":{"line":149,"column":33},"end":{"line":149,"column":57}},"77":{"start":{"line":150,"column":4},"end":{"line":150,"column":31}},"78":{"start":{"line":153,"column":29},"end":{"line":157,"column":3}},"79":{"start":{"line":154,"column":4},"end":{"line":154,"column":19}},"80":{"start":{"line":155,"column":4},"end":{"line":155,"column":25}},"81":{"start":{"line":156,"column":4},"end":{"line":156,"column":29}},"82":{"start":{"line":159,"column":2},"end":{"line":273,"column":4}},"83":{"start":{"line":276,"column":15},"end":{"line":434,"column":2}}},"fnMap":{"0":{"name":"(anonymous_0)","decl":{"start":{"line":18,"column":43},"end":{"line":18,"column":44}},"loc":{"start":{"line":18,"column":49},"end":{"line":274,"column":1}},"line":18},"1":{"name":"(anonymous_1)","decl":{"start":{"line":26,"column":23},"end":{"line":26,"column":24}},"loc":{"start":{"line":26,"column":42},"end":{"line":29,"column":3}},"line":26},"2":{"name":"(anonymous_2)","decl":{"start":{"line":32,"column":23},"end":{"line":32,"column":24}},"loc":{"start":{"line":32,"column":42},"end":{"line":35,"column":3}},"line":32},"3":{"name":"(anonymous_3)","decl":{"start":{"line":38,"column":28},"end":{"line":38,"column":29}},"loc":{"start":{"line":38,"column":47},"end":{"line":71,"column":3}},"line":38},"4":{"name":"(anonymous_4)","decl":{"start":{"line":73,"column":28},"end":{"line":73,"column":29}},"loc":{"start":{"line":73,"column":47},"end":{"line":76,"column":3}},"line":73},"5":{"name":"(anonymous_5)","decl":{"start":{"line":78,"column":30},"end":{"line":78,"column":31}},"loc":{"start":{"line":78,"column":49},"end":{"line":98,"column":3}},"line":78},"6":{"name":"(anonymous_6)","decl":{"start":{"line":100,"column":28},"end":{"line":100,"column":29}},"loc":{"start":{"line":100,"column":34},"end":{"line":105,"column":3}},"line":100},"7":{"name":"(anonymous_7)","decl":{"start":{"line":107,"column":25},"end":{"line":107,"column":26}},"loc":{"start":{"line":107,"column":37},"end":{"line":141,"column":3}},"line":107},"8":{"name":"(anonymous_8)","decl":{"start":{"line":143,"column":32},"end":{"line":143,"column":33}},"loc":{"start":{"line":143,"column":38},"end":{"line":145,"column":3}},"line":143},"9":{"name":"(anonymous_9)","decl":{"start":{"line":147,"column":26},"end":{"line":147,"column":27}},"loc":{"start":{"line":147,"column":32},"end":{"line":151,"column":3}},"line":147},"10":{"name":"(anonymous_10)","decl":{"start":{"line":153,"column":29},"end":{"line":153,"column":30}},"loc":{"start":{"line":153,"column":35},"end":{"line":157,"column":3}},"line":153}},"branchMap":{"0":{"loc":{"start":{"line":34,"column":11},"end":{"line":34,"column":59}},"type":"binary-expr","locations":[{"start":{"line":34,"column":11},"end":{"line":34,"column":32}},{"start":{"line":34,"column":36},"end":{"line":34,"column":59}}],"line":34},"1":{"loc":{"start":{"line":41,"column":4},"end":{"line":41,"column":44}},"type":"if","locations":[{"start":{"line":41,"column":4},"end":{"line":41,"column":44}},{"start":{},"end":{}}],"line":41},"2":{"loc":{"start":{"line":45,"column":4},"end":{"line":47,"column":5}},"type":"if","locations":[{"start":{"line":45,"column":4},"end":{"line":47,"column":5}},{"start":{},"end":{}}],"line":45},"3":{"loc":{"start":{"line":49,"column":4},"end":{"line":51,"column":5}},"type":"if","locations":[{"start":{"line":49,"column":4},"end":{"line":51,"column":5}},{"start":{},"end":{}}],"line":49},"4":{"loc":{"start":{"line":49,"column":8},"end":{"line":49,"column":54}},"type":"binary-expr","locations":[{"start":{"line":49,"column":8},"end":{"line":49,"column":26}},{"start":{"line":49,"column":30},"end":{"line":49,"column":54}}],"line":49},"5":{"loc":{"start":{"line":54,"column":4},"end":{"line":68,"column":5}},"type":"if","locations":[{"start":{"line":54,"column":4},"end":{"line":68,"column":5}},{"start":{},"end":{}}],"line":54},"6":{"loc":{"start":{"line":56,"column":6},"end":{"line":67,"column":7}},"type":"if","locations":[{"start":{"line":56,"column":6},"end":{"line":67,"column":7}},{"start":{},"end":{}}],"line":56},"7":{"loc":{"start":{"line":58,"column":8},"end":{"line":66,"column":9}},"type":"if","locations":[{"start":{"line":58,"column":8},"end":{"line":66,"column":9}},{"start":{},"end":{}}],"line":58},"8":{"loc":{"start":{"line":60,"column":10},"end":{"line":65,"column":11}},"type":"if","locations":[{"start":{"line":60,"column":10},"end":{"line":65,"column":11}},{"start":{},"end":{}}],"line":60},"9":{"loc":{"start":{"line":62,"column":12},"end":{"line":64,"column":13}},"type":"if","locations":[{"start":{"line":62,"column":12},"end":{"line":64,"column":13}},{"start":{},"end":{}}],"line":62},"10":{"loc":{"start":{"line":84,"column":4},"end":{"line":93,"column":5}},"type":"if","locations":[{"start":{"line":84,"column":4},"end":{"line":93,"column":5}},{"start":{"line":88,"column":11},"end":{"line":93,"column":5}}],"line":84},"11":{"loc":{"start":{"line":88,"column":11},"end":{"line":93,"column":5}},"type":"if","locations":[{"start":{"line":88,"column":11},"end":{"line":93,"column":5}},{"start":{},"end":{}}],"line":88},"12":{"loc":{"start":{"line":101,"column":4},"end":{"line":103,"column":5}},"type":"if","locations":[{"start":{"line":101,"column":4},"end":{"line":103,"column":5}},{"start":{},"end":{}}],"line":101},"13":{"loc":{"start":{"line":108,"column":4},"end":{"line":111,"column":5}},"type":"if","locations":[{"start":{"line":108,"column":4},"end":{"line":111,"column":5}},{"start":{},"end":{}}],"line":108},"14":{"loc":{"start":{"line":113,"column":4},"end":{"line":116,"column":5}},"type":"if","locations":[{"start":{"line":113,"column":4},"end":{"line":116,"column":5}},{"start":{},"end":{}}],"line":113},"15":{"loc":{"start":{"line":118,"column":4},"end":{"line":121,"column":5}},"type":"if","locations":[{"start":{"line":118,"column":4},"end":{"line":121,"column":5}},{"start":{},"end":{}}],"line":118},"16":{"loc":{"start":{"line":131,"column":4},"end":{"line":140,"column":5}},"type":"if","locations":[{"start":{"line":131,"column":4},"end":{"line":140,"column":5}},{"start":{"line":138,"column":11},"end":{"line":140,"column":5}}],"line":131},"17":{"loc":{"start":{"line":132,"column":29},"end":{"line":132,"column":79}},"type":"cond-expr","locations":[{"start":{"line":132,"column":55},"end":{"line":132,"column":62}},{"start":{"line":132,"column":65},"end":{"line":132,"column":79}}],"line":132},"18":{"loc":{"start":{"line":139,"column":28},"end":{"line":139,"column":70}},"type":"binary-expr","locations":[{"start":{"line":139,"column":28},"end":{"line":139,"column":40}},{"start":{"line":139,"column":44},"end":{"line":139,"column":70}}],"line":139},"19":{"loc":{"start":{"line":148,"column":4},"end":{"line":148,"column":48}},"type":"if","locations":[{"start":{"line":148,"column":4},"end":{"line":148,"column":48}},{"start":{},"end":{}}],"line":148},"20":{"loc":{"start":{"line":149,"column":4},"end":{"line":149,"column":57}},"type":"if","locations":[{"start":{"line":149,"column":4},"end":{"line":149,"column":57}},{"start":{},"end":{}}],"line":149},"21":{"loc":{"start":{"line":162,"column":16},"end":{"line":162,"column":60}},"type":"cond-expr","locations":[{"start":{"line":162,"column":40},"end":{"line":162,"column":49}},{"start":{"line":162,"column":52},"end":{"line":162,"column":60}}],"line":162},"22":{"loc":{"start":{"line":181,"column":14},"end":{"line":181,"column":72}},"type":"binary-expr","locations":[{"start":{"line":181,"column":14},"end":{"line":181,"column":27}},{"start":{"line":181,"column":31},"end":{"line":181,"column":47}},{"start":{"line":181,"column":51},"end":{"line":181,"column":72}}],"line":181},"23":{"loc":{"start":{"line":182,"column":14},"end":{"line":182,"column":51}},"type":"binary-expr","locations":[{"start":{"line":182,"column":14},"end":{"line":182,"column":26}},{"start":{"line":182,"column":30},"end":{"line":182,"column":51}}],"line":182},"24":{"loc":{"start":{"line":189,"column":11},"end":{"line":193,"column":11}},"type":"binary-expr","locations":[{"start":{"line":189,"column":11},"end":{"line":189,"column":24}},{"start":{"line":189,"column":28},"end":{"line":189,"column":44}},{"start":{"line":190,"column":12},"end":{"line":192,"column":19}}],"line":189},"25":{"loc":{"start":{"line":205,"column":16},"end":{"line":205,"column":81}},"type":"binary-expr","locations":[{"start":{"line":205,"column":16},"end":{"line":205,"column":31}},{"start":{"line":205,"column":35},"end":{"line":205,"column":53}},{"start":{"line":205,"column":57},"end":{"line":205,"column":81}}],"line":205},"26":{"loc":{"start":{"line":206,"column":16},"end":{"line":206,"column":58}},"type":"binary-expr","locations":[{"start":{"line":206,"column":16},"end":{"line":206,"column":30}},{"start":{"line":206,"column":34},"end":{"line":206,"column":58}}],"line":206},"27":{"loc":{"start":{"line":208,"column":28},"end":{"line":208,"column":81}},"type":"cond-expr","locations":[{"start":{"line":208,"column":54},"end":{"line":208,"column":63}},{"start":{"line":208,"column":66},"end":{"line":208,"column":81}}],"line":208},"28":{"loc":{"start":{"line":213,"column":13},"end":{"line":220,"column":13}},"type":"binary-expr","locations":[{"start":{"line":213,"column":13},"end":{"line":213,"column":31}},{"start":{"line":214,"column":14},"end":{"line":219,"column":33}}],"line":213},"29":{"loc":{"start":{"line":223,"column":11},"end":{"line":229,"column":11}},"type":"binary-expr","locations":[{"start":{"line":223,"column":11},"end":{"line":223,"column":22}},{"start":{"line":224,"column":12},"end":{"line":228,"column":19}}],"line":223},"30":{"loc":{"start":{"line":226,"column":17},"end":{"line":226,"column":68}},"type":"cond-expr","locations":[{"start":{"line":226,"column":43},"end":{"line":226,"column":53}},{"start":{"line":226,"column":56},"end":{"line":226,"column":68}}],"line":226},"31":{"loc":{"start":{"line":231,"column":11},"end":{"line":238,"column":11}},"type":"binary-expr","locations":[{"start":{"line":231,"column":11},"end":{"line":231,"column":26}},{"start":{"line":231,"column":30},"end":{"line":231,"column":48}},{"start":{"line":232,"column":12},"end":{"line":237,"column":19}}],"line":231},"32":{"loc":{"start":{"line":233,"column":15},"end":{"line":235,"column":64}},"type":"cond-expr","locations":[{"start":{"line":234,"column":18},"end":{"line":234,"column":50}},{"start":{"line":235,"column":18},"end":{"line":235,"column":64}}],"line":233},"33":{"loc":{"start":{"line":244,"column":12},"end":{"line":244,"column":91}},"type":"binary-expr","locations":[{"start":{"line":244,"column":13},"end":{"line":244,"column":21}},{"start":{"line":244,"column":25},"end":{"line":244,"column":38}},{"start":{"line":244,"column":42},"end":{"line":244,"column":61}},{"start":{"line":244,"column":66},"end":{"line":244,"column":91}}],"line":244},"34":{"loc":{"start":{"line":247,"column":20},"end":{"line":247,"column":75}},"type":"binary-expr","locations":[{"start":{"line":247,"column":20},"end":{"line":247,"column":35}},{"start":{"line":247,"column":39},"end":{"line":247,"column":52}},{"start":{"line":247,"column":56},"end":{"line":247,"column":75}}],"line":247},"35":{"loc":{"start":{"line":249,"column":11},"end":{"line":256,"column":11}},"type":"cond-expr","locations":[{"start":{"line":250,"column":12},"end":{"line":253,"column":19}},{"start":{"line":255,"column":12},"end":{"line":255,"column":67}}],"line":249},"36":{"loc":{"start":{"line":259,"column":9},"end":{"line":263,"column":9}},"type":"binary-expr","locations":[{"start":{"line":259,"column":9},"end":{"line":259,"column":24}},{"start":{"line":260,"column":10},"end":{"line":262,"column":17}}],"line":259}},"s":{"0":0,"1":0,"2":0,"3":0,"4":0,"5":0,"6":0,"7":0,"8":0,"9":0,"10":0,"11":0,"12":0,"13":0,"14":0,"15":0,"16":0,"17":0,"18":0,"19":0,"20":0,"21":0,"22":0,"23":0,"24":0,"25":0,"26":0,"27":0,"28":0,"29":0,"30":0,"31":0,"32":0,"33":0,"34":0,"35":0,"36":0,"37":0,"38":0,"39":0,"40":0,"41":0,"42":0,"43":0,"44":0,"45":0,"46":0,"47":0,"48":0,"49":0,"50":0,"51":0,"52":0,"53":0,"54":0,"55":0,"56":0,"57":0,"58":0,"59":0,"60":0,"61":0,"62":0,"63":0,"64":0,"65":0,"66":0,"67":0,"68":0,"69":0,"70":0,"71":0,"72":0,"73":0,"74":0,"75":0,"76":0,"77":0,"78":0,"79":0,"80":0,"81":0,"82":0,"83":0},"f":{"0":0,"1":0,"2":0,"3":0,"4":0,"5":0,"6":0,"7":0,"8":0,"9":0,"10":0},"b":{"0":[0,0],"1":[0,0],"2":[0,0],"3":[0,0],"4":[0,0],"5":[0,0],"6":[0,0],"7":[0,0],"8":[0,0],"9":[0,0],"10":[0,0],"11":[0,0],"12":[0,0],"13":[0,0],"14":[0,0],"15":[0,0],"16":[0,0],"17":[0,0],"18":[0,0],"19":[0,0],"20":[0,0],"21":[0,0],"22":[0,0,0],"23":[0,0],"24":[0,0,0],"25":[0,0,0],"26":[0,0],"27":[0,0],"28":[0,0],"29":[0,0],"30":[0,0],"31":[0,0,0],"32":[0,0],"33":[0,0,0,0],"34":[0,0,0],"35":[0,0],"36":[0,0]}}
}
