TN:
SF:src/components/MainApp.tsx
FN:10,(anonymous_0)
FN:11,(anonymous_1)
FNF:2
FNH:0
FNDA:0,(anonymous_0)
FNDA:0,(anonymous_1)
DA:10,0
DA:11,0
DA:13,0
DA:17,0
DA:18,0
DA:22,0
DA:23,0
DA:27,0
LF:8
LH:0
BRDA:17,0,0,0
BRDA:17,0,1,0
BRDA:17,1,0,0
BRDA:17,1,1,0
BRDA:22,2,0,0
BRDA:22,2,1,0
BRDA:22,3,0,0
BRDA:22,3,1,0
BRF:8
BRH:0
end_of_record
TN:
SF:src/controller/AuthController.ts
FN:16,(anonymous_0)
FN:47,(anonymous_1)
FN:78,(anonymous_2)
FNF:3
FNH:1
FNDA:7,(anonymous_0)
FNDA:0,(anonymous_1)
FNDA:0,(anonymous_2)
DA:4,1
DA:7,1
DA:16,1
DA:21,7
DA:22,7
DA:23,7
DA:25,7
DA:31,0
DA:33,0
DA:34,0
DA:36,0
DA:39,7
DA:40,7
DA:41,7
DA:42,7
DA:47,1
DA:51,0
DA:52,0
DA:53,0
DA:55,0
DA:60,0
DA:62,0
DA:63,0
DA:64,0
DA:66,0
DA:67,0
DA:70,0
DA:71,0
DA:72,0
DA:73,0
DA:78,1
DA:79,0
DA:80,0
DA:81,0
DA:82,0
DA:83,0
DA:86,0
DA:87,0
DA:88,0
LF:39
LH:13
BRDA:4,0,0,1
BRDA:4,0,1,1
BRDA:33,1,0,0
BRDA:33,1,1,0
BRDA:36,2,0,0
BRDA:36,2,1,0
BRDA:40,3,0,7
BRDA:40,3,1,7
BRDA:40,3,2,0
BRDA:62,4,0,0
BRDA:62,4,1,0
BRDA:71,5,0,0
BRDA:71,5,1,0
BRDA:71,5,2,0
BRF:14
BRH:4
end_of_record
TN:
SF:src/models/AuthModel.ts
FN:22,(anonymous_0)
FN:59,(anonymous_1)
FN:63,(anonymous_2)
FN:67,(anonymous_3)
FN:75,(anonymous_4)
FN:79,(anonymous_5)
FN:83,(anonymous_6)
FN:87,(anonymous_7)
FN:91,(anonymous_8)
FN:95,(anonymous_9)
FN:99,(anonymous_10)
FN:103,(anonymous_11)
FN:115,(anonymous_12)
FN:124,(anonymous_13)
FN:132,(anonymous_14)
FNF:15
FNH:4
FNDA:5,(anonymous_0)
FNDA:7,(anonymous_1)
FNDA:6,(anonymous_2)
FNDA:4,(anonymous_3)
FNDA:0,(anonymous_4)
FNDA:0,(anonymous_5)
FNDA:0,(anonymous_6)
FNDA:0,(anonymous_7)
FNDA:0,(anonymous_8)
FNDA:0,(anonymous_9)
FNDA:0,(anonymous_10)
FNDA:0,(anonymous_11)
FNDA:0,(anonymous_12)
FNDA:0,(anonymous_13)
FNDA:0,(anonymous_14)
DA:5,5
DA:6,5
DA:7,5
DA:8,5
DA:11,5
DA:12,5
DA:13,5
DA:14,5
DA:15,5
DA:16,5
DA:19,5
DA:20,5
DA:23,5
DA:60,7
DA:64,6
DA:68,4
DA:69,4
DA:70,4
DA:71,3
DA:76,0
DA:80,0
DA:84,0
DA:88,0
DA:92,0
DA:96,0
DA:100,0
DA:104,0
DA:105,0
DA:106,0
DA:107,0
DA:108,0
DA:109,0
DA:110,0
DA:111,0
DA:112,0
DA:116,0
DA:117,0
DA:118,0
DA:119,0
DA:120,0
DA:125,0
DA:127,0
DA:128,0
DA:129,0
DA:133,0
DA:135,0
DA:136,0
DA:137,0
DA:138,0
DA:142,0
DA:146,5
LF:51
LH:20
BRDA:70,0,0,3
BRDA:70,0,1,1
BRDA:125,1,0,0
BRDA:125,1,1,0
BRDA:133,2,0,0
BRDA:133,2,1,0
BRDA:135,3,0,0
BRDA:135,3,1,0
BRDA:137,4,0,0
BRDA:137,4,1,0
BRDA:137,5,0,0
BRDA:137,5,1,0
BRF:12
BRH:2
end_of_record
TN:
SF:src/utils/logger.ts
FN:2,(anonymous_0)
FN:6,(anonymous_1)
FN:10,(anonymous_2)
FN:14,(anonymous_3)
FN:18,(anonymous_4)
FNF:5
FNH:0
FNDA:0,(anonymous_0)
FNDA:0,(anonymous_1)
FNDA:0,(anonymous_2)
FNDA:0,(anonymous_3)
FNDA:0,(anonymous_4)
DA:1,0
DA:3,0
DA:4,0
DA:7,0
DA:8,0
DA:11,0
DA:12,0
DA:15,0
DA:16,0
DA:19,0
DA:20,0
LF:11
LH:0
BRF:0
BRH:0
end_of_record
TN:
SF:src/views/CodeVerificationScreen.tsx
FN:22,(anonymous_0)
FN:28,(anonymous_1)
FN:30,(anonymous_2)
FN:31,(anonymous_3)
FN:40,(anonymous_4)
FN:43,(anonymous_5)
FN:50,(anonymous_6)
FN:68,(anonymous_7)
FN:74,(anonymous_8)
FN:81,(anonymous_9)
FN:95,(anonymous_10)
FN:107,(anonymous_11)
FN:123,(anonymous_12)
FN:131,(anonymous_13)
FN:138,(anonymous_14)
FN:143,(anonymous_15)
FN:165,(anonymous_16)
FN:168,(anonymous_17)
FN:174,(anonymous_18)
FN:175,(anonymous_19)
FN:197,(anonymous_20)
FNF:21
FNH:0
FNDA:0,(anonymous_0)
FNDA:0,(anonymous_1)
FNDA:0,(anonymous_2)
FNDA:0,(anonymous_3)
FNDA:0,(anonymous_4)
FNDA:0,(anonymous_5)
FNDA:0,(anonymous_6)
FNDA:0,(anonymous_7)
FNDA:0,(anonymous_8)
FNDA:0,(anonymous_9)
FNDA:0,(anonymous_10)
FNDA:0,(anonymous_11)
FNDA:0,(anonymous_12)
FNDA:0,(anonymous_13)
FNDA:0,(anonymous_14)
FNDA:0,(anonymous_15)
FNDA:0,(anonymous_16)
FNDA:0,(anonymous_17)
FNDA:0,(anonymous_18)
FNDA:0,(anonymous_19)
FNDA:0,(anonymous_20)
DA:22,0
DA:23,0
DA:24,0
DA:25,0
DA:26,0
DA:28,0
DA:30,0
DA:31,0
DA:32,0
DA:33,0
DA:34,0
DA:36,0
DA:40,0
DA:43,0
DA:45,0
DA:46,0
DA:50,0
DA:52,0
DA:54,0
DA:55,0
DA:56,0
DA:57,0
DA:60,0
DA:61,0
DA:65,0
DA:66,0
DA:67,0
DA:68,0
DA:74,0
DA:76,0
DA:77,0
DA:81,0
DA:82,0
DA:84,0
DA:85,0
DA:86,0
DA:89,0
DA:91,0
DA:92,0
DA:100,0
DA:102,0
DA:103,0
DA:107,0
DA:108,0
DA:110,0
DA:112,0
DA:113,0
DA:114,0
DA:115,0
DA:116,0
DA:117,0
DA:119,0
DA:123,0
DA:124,0
DA:131,0
DA:138,0
DA:139,0
DA:140,0
DA:143,0
DA:144,0
DA:145,0
DA:146,0
DA:149,0
DA:166,0
DA:168,0
DA:174,0
DA:175,0
DA:197,0
DA:244,0
LF:69
LH:0
BRDA:32,0,0,0
BRDA:32,0,1,0
BRDA:45,1,0,0
BRDA:45,1,1,0
BRDA:54,2,0,0
BRDA:54,2,1,0
BRDA:60,3,0,0
BRDA:60,3,1,0
BRDA:60,4,0,0
BRDA:60,4,1,0
BRDA:65,5,0,0
BRDA:65,5,1,0
BRDA:65,6,0,0
BRDA:65,6,1,0
BRDA:67,7,0,0
BRDA:67,7,1,0
BRDA:76,8,0,0
BRDA:76,8,1,0
BRDA:76,9,0,0
BRDA:76,9,1,0
BRDA:76,9,2,0
BRDA:82,10,0,0
BRDA:82,10,1,0
BRDA:84,11,0,0
BRDA:84,11,1,0
BRDA:91,12,0,0
BRDA:91,12,1,0
BRDA:100,13,0,0
BRDA:100,13,1,0
BRDA:108,14,0,0
BRDA:108,14,1,0
BRDA:112,15,0,0
BRDA:112,15,1,0
BRDA:119,16,0,0
BRDA:119,16,1,0
BRDA:152,17,0,0
BRDA:152,17,1,0
BRDA:158,18,0,0
BRDA:158,18,1,0
BRDA:171,19,0,0
BRDA:171,19,1,0
BRDA:195,20,0,0
BRDA:195,20,1,0
BRDA:195,20,2,0
BRDA:198,21,0,0
BRDA:198,21,1,0
BRDA:200,22,0,0
BRDA:200,22,1,0
BRDA:211,23,0,0
BRDA:211,23,1,0
BRDA:230,24,0,0
BRDA:230,24,1,0
BRDA:234,25,0,0
BRDA:234,25,1,0
BRF:54
BRH:0
end_of_record
TN:
SF:src/views/DashboardScreen.tsx
FN:14,(anonymous_0)
FN:15,(anonymous_1)
FN:24,(anonymous_2)
FNF:3
FNH:0
FNDA:0,(anonymous_0)
FNDA:0,(anonymous_1)
FNDA:0,(anonymous_2)
DA:14,0
DA:15,0
DA:16,0
DA:24,0
DA:30,0
DA:69,0
LF:6
LH:0
BRDA:47,0,0,0
BRDA:47,0,1,0
BRDA:50,1,0,0
BRDA:50,1,1,0
BRDA:54,2,0,0
BRDA:54,2,1,0
BRF:6
BRH:0
end_of_record
TN:
SF:src/views/LoginScreen.tsx
FN:18,(anonymous_0)
FN:24,(anonymous_1)
FN:30,(anonymous_2)
FN:36,(anonymous_3)
FN:67,(anonymous_4)
FN:89,(anonymous_5)
FN:96,(anonymous_6)
FN:130,(anonymous_7)
FN:134,(anonymous_8)
FN:140,(anonymous_9)
FNF:10
FNH:0
FNDA:0,(anonymous_0)
FNDA:0,(anonymous_1)
FNDA:0,(anonymous_2)
FNDA:0,(anonymous_3)
FNDA:0,(anonymous_4)
FNDA:0,(anonymous_5)
FNDA:0,(anonymous_6)
FNDA:0,(anonymous_7)
FNDA:0,(anonymous_8)
FNDA:0,(anonymous_9)
DA:18,0
DA:19,0
DA:20,0
DA:21,0
DA:24,0
DA:25,0
DA:26,0
DA:30,0
DA:31,0
DA:32,0
DA:36,0
DA:37,0
DA:38,0
DA:40,0
DA:41,0
DA:42,0
DA:44,0
DA:45,0
DA:48,0
DA:49,0
DA:50,0
DA:51,0
DA:52,0
DA:53,0
DA:54,0
DA:55,0
DA:56,0
DA:57,0
DA:58,0
DA:64,0
DA:67,0
DA:68,0
DA:69,0
DA:70,0
DA:73,0
DA:75,0
DA:76,0
DA:77,0
DA:79,0
DA:80,0
DA:81,0
DA:84,0
DA:85,0
DA:86,0
DA:89,0
DA:90,0
DA:91,0
DA:93,0
DA:96,0
DA:97,0
DA:98,0
DA:99,0
DA:102,0
DA:103,0
DA:104,0
DA:107,0
DA:110,0
DA:112,0
DA:118,0
DA:119,0
DA:120,0
DA:126,0
DA:130,0
DA:131,0
DA:134,0
DA:135,0
DA:136,0
DA:137,0
DA:140,0
DA:141,0
DA:142,0
DA:143,0
DA:146,0
DA:240,0
LF:74
LH:0
BRDA:32,0,0,0
BRDA:32,0,1,0
BRDA:38,1,0,0
BRDA:38,1,1,0
BRDA:41,2,0,0
BRDA:41,2,1,0
BRDA:44,3,0,0
BRDA:44,3,1,0
BRDA:44,4,0,0
BRDA:44,4,1,0
BRDA:49,5,0,0
BRDA:49,5,1,0
BRDA:51,6,0,0
BRDA:51,6,1,0
BRDA:53,7,0,0
BRDA:53,7,1,0
BRDA:55,8,0,0
BRDA:55,8,1,0
BRDA:57,9,0,0
BRDA:57,9,1,0
BRDA:73,10,0,0
BRDA:73,10,1,0
BRDA:77,11,0,0
BRDA:77,11,1,0
BRDA:90,12,0,0
BRDA:90,12,1,0
BRDA:97,13,0,0
BRDA:97,13,1,0
BRDA:102,14,0,0
BRDA:102,14,1,0
BRDA:110,15,0,0
BRDA:110,15,1,0
BRDA:118,16,0,0
BRDA:118,16,1,0
BRDA:119,17,0,0
BRDA:119,17,1,0
BRDA:126,18,0,0
BRDA:126,18,1,0
BRDA:135,19,0,0
BRDA:135,19,1,0
BRDA:136,20,0,0
BRDA:136,20,1,0
BRDA:149,21,0,0
BRDA:149,21,1,0
BRDA:169,22,0,0
BRDA:169,22,1,0
BRDA:169,22,2,0
BRDA:170,23,0,0
BRDA:170,23,1,0
BRDA:172,24,0,0
BRDA:172,24,1,0
BRDA:177,25,0,0
BRDA:177,25,1,0
BRDA:187,26,0,0
BRDA:187,26,1,0
BRDA:190,27,0,0
BRDA:190,27,1,0
BRDA:195,28,0,0
BRDA:195,28,1,0
BRDA:195,28,2,0
BRDA:197,29,0,0
BRDA:197,29,1,0
BRDA:208,30,0,0
BRDA:208,30,1,0
BRDA:208,30,2,0
BRDA:211,31,0,0
BRDA:211,31,1,0
BRDA:213,32,0,0
BRDA:213,32,1,0
BRDA:223,33,0,0
BRDA:223,33,1,0
BRF:71
BRH:0
end_of_record
TN:
SF:src/views/PhoneVerificationScreen.tsx
FN:18,(anonymous_0)
FN:26,(anonymous_1)
FN:32,(anonymous_2)
FN:38,(anonymous_3)
FN:73,(anonymous_4)
FN:78,(anonymous_5)
FN:100,(anonymous_6)
FN:107,(anonymous_7)
FN:143,(anonymous_8)
FN:147,(anonymous_9)
FN:153,(anonymous_10)
FNF:11
FNH:0
FNDA:0,(anonymous_0)
FNDA:0,(anonymous_1)
FNDA:0,(anonymous_2)
FNDA:0,(anonymous_3)
FNDA:0,(anonymous_4)
FNDA:0,(anonymous_5)
FNDA:0,(anonymous_6)
FNDA:0,(anonymous_7)
FNDA:0,(anonymous_8)
FNDA:0,(anonymous_9)
FNDA:0,(anonymous_10)
DA:18,0
DA:19,0
DA:20,0
DA:21,0
DA:22,0
DA:23,0
DA:26,0
DA:27,0
DA:28,0
DA:32,0
DA:33,0
DA:34,0
DA:38,0
DA:39,0
DA:41,0
DA:43,0
DA:45,0
DA:46,0
DA:49,0
DA:50,0
DA:53,0
DA:54,0
DA:55,0
DA:56,0
DA:57,0
DA:58,0
DA:59,0
DA:60,0
DA:61,0
DA:62,0
DA:63,0
DA:70,0
DA:73,0
DA:74,0
DA:75,0
DA:78,0
DA:79,0
DA:80,0
DA:81,0
DA:84,0
DA:86,0
DA:87,0
DA:88,0
DA:90,0
DA:91,0
DA:92,0
DA:95,0
DA:96,0
DA:97,0
DA:100,0
DA:101,0
DA:102,0
DA:104,0
DA:107,0
DA:108,0
DA:109,0
DA:110,0
DA:113,0
DA:114,0
DA:115,0
DA:118,0
DA:119,0
DA:120,0
DA:123,0
DA:125,0
DA:131,0
DA:132,0
DA:133,0
DA:139,0
DA:143,0
DA:144,0
DA:147,0
DA:148,0
DA:149,0
DA:150,0
DA:153,0
DA:154,0
DA:155,0
DA:156,0
DA:159,0
DA:276,0
LF:81
LH:0
BRDA:34,0,0,0
BRDA:34,0,1,0
BRDA:41,1,0,0
BRDA:41,1,1,0
BRDA:45,2,0,0
BRDA:45,2,1,0
BRDA:49,3,0,0
BRDA:49,3,1,0
BRDA:49,4,0,0
BRDA:49,4,1,0
BRDA:54,5,0,0
BRDA:54,5,1,0
BRDA:56,6,0,0
BRDA:56,6,1,0
BRDA:58,7,0,0
BRDA:58,7,1,0
BRDA:60,8,0,0
BRDA:60,8,1,0
BRDA:62,9,0,0
BRDA:62,9,1,0
BRDA:84,10,0,0
BRDA:84,10,1,0
BRDA:88,11,0,0
BRDA:88,11,1,0
BRDA:101,12,0,0
BRDA:101,12,1,0
BRDA:108,13,0,0
BRDA:108,13,1,0
BRDA:113,14,0,0
BRDA:113,14,1,0
BRDA:118,15,0,0
BRDA:118,15,1,0
BRDA:131,16,0,0
BRDA:131,16,1,0
BRDA:132,17,0,0
BRDA:132,17,1,0
BRDA:139,18,0,0
BRDA:139,18,1,0
BRDA:148,19,0,0
BRDA:148,19,1,0
BRDA:149,20,0,0
BRDA:149,20,1,0
BRDA:162,21,0,0
BRDA:162,21,1,0
BRDA:181,22,0,0
BRDA:181,22,1,0
BRDA:181,22,2,0
BRDA:182,23,0,0
BRDA:182,23,1,0
BRDA:189,24,0,0
BRDA:189,24,1,0
BRDA:189,24,2,0
BRDA:205,25,0,0
BRDA:205,25,1,0
BRDA:205,25,2,0
BRDA:206,26,0,0
BRDA:206,26,1,0
BRDA:208,27,0,0
BRDA:208,27,1,0
BRDA:213,28,0,0
BRDA:213,28,1,0
BRDA:223,29,0,0
BRDA:223,29,1,0
BRDA:226,30,0,0
BRDA:226,30,1,0
BRDA:231,31,0,0
BRDA:231,31,1,0
BRDA:231,31,2,0
BRDA:233,32,0,0
BRDA:233,32,1,0
BRDA:244,33,0,0
BRDA:244,33,1,0
BRDA:244,33,2,0
BRDA:244,33,3,0
BRDA:247,34,0,0
BRDA:247,34,1,0
BRDA:247,34,2,0
BRDA:249,35,0,0
BRDA:249,35,1,0
BRDA:259,36,0,0
BRDA:259,36,1,0
BRF:81
BRH:0
end_of_record
